<?xml version="1.0" encoding="UTF-8"?>
<testsuite xmlns:xsi="http://www.w3.org/2001/XMLSchema-instance" xsi:noNamespaceSchemaLocation="https://maven.apache.org/surefire/maven-surefire-plugin/xsd/surefire-test-report.xsd" version="3.0.2" name="com.example.e_hotel.EHotelApplicationTests" time="5.489" tests="1" errors="0" skipped="0" failures="0">
  <properties>
[...]
</properties>
  <testcase name="contextLoads" classname="com.example.e_hotel.EHotelApplicationTests" time="0.386">
    <system-out><![CDATA[21:36:44.829 [main] INFO org.springframework.test.context.support.AnnotationConfigContextLoaderUtils -- Could not detect default configuration classes for test class [com.example.e_hotel.EHotelApplicationTests]: EHotelApplicationTests does not declare any static, non-private, non-final, nested classes annotated with @Configuration.
21:36:44.926 [main] INFO org.springframework.boot.test.context.SpringBootTestContextBootstrapper -- Found @SpringBootConfiguration com.example.e_hotel.EHotelApplication for test class com.example.e_hotel.EHotelApplicationTests

  .   ____          _            __ _ _
 /\\ / ___'_ __ _ _(_)_ __  __ _ \ \ \ \
( ( )\___ | '_ | '_| | '_ \/ _` | \ \ \ \
 \\/  ___)| |_)| | | | | || (_| |  ) ) ) )
  '  |____| .__|_| |_|_| |_\__, | / / / /
 =========|_|==============|___/=/_/_/_/

 :: Spring Boot ::                (v3.4.2)

2025-03-31T21:36:45.295-04:00  INFO 28380 --- [ehotel] [           main] c.e.e_hotel.EHotelApplicationTests       : Starting EHotelApplicationTests using Java 20.0.2 with PID 28380 (started by souhail in C:\Users\souhail\Downloads\CSI2132-main\backend\e-hotel)
2025-03-31T21:36:45.296-04:00 DEBUG 28380 --- [ehotel] [           main] c.e.e_hotel.EHotelApplicationTests       : Running with Spring Boot v3.4.2, Spring v6.2.2
2025-03-31T21:36:45.296-04:00  INFO 28380 --- [ehotel] [           main] c.e.e_hotel.EHotelApplicationTests       : No active profile set, falling back to 1 default profile: "default"
2025-03-31T21:36:45.296-04:00 DEBUG 28380 --- [ehotel] [           main] o.s.boot.SpringApplication               : Loading source class com.example.e_hotel.EHotelApplication
2025-03-31T21:36:45.325-04:00 DEBUG 28380 --- [ehotel] [           main] o.s.w.c.s.GenericWebApplicationContext   : Refreshing org.springframework.web.context.support.GenericWebApplicationContext@17ae98d7
2025-03-31T21:36:45.345-04:00 DEBUG 28380 --- [ehotel] [           main] o.s.b.f.s.DefaultListableBeanFactory     : Creating shared instance of singleton bean 'org.springframework.context.annotation.internalConfigurationAnnotationProcessor'
2025-03-31T21:36:45.367-04:00 DEBUG 28380 --- [ehotel] [           main] o.s.b.f.s.DefaultListableBeanFactory     : Creating shared instance of singleton bean 'org.springframework.boot.autoconfigure.internalCachingMetadataReaderFactory'
2025-03-31T21:36:45.420-04:00 DEBUG 28380 --- [ehotel] [           main] o.s.c.a.ClassPathBeanDefinitionScanner   : Identified candidate component class: file [C:\Users\souhail\Downloads\CSI2132-main\backend\e-hotel\target\classes\com\example\e_hotel\controller\AuthController.class]
2025-03-31T21:36:45.425-04:00 DEBUG 28380 --- [ehotel] [           main] o.s.c.a.ClassPathBeanDefinitionScanner   : Identified candidate component class: file [C:\Users\souhail\Downloads\CSI2132-main\backend\e-hotel\target\classes\com\example\e_hotel\controller\BookingController.class]
2025-03-31T21:36:45.428-04:00 DEBUG 28380 --- [ehotel] [           main] o.s.c.a.ClassPathBeanDefinitionScanner   : Identified candidate component class: file [C:\Users\souhail\Downloads\CSI2132-main\backend\e-hotel\target\classes\com\example\e_hotel\controller\CustomerController.class]
2025-03-31T21:36:45.430-04:00 DEBUG 28380 --- [ehotel] [           main] o.s.c.a.ClassPathBeanDefinitionScanner   : Identified candidate component class: file [C:\Users\souhail\Downloads\CSI2132-main\backend\e-hotel\target\classes\com\example\e_hotel\controller\EmployeeController.class]
2025-03-31T21:36:45.431-04:00 DEBUG 28380 --- [ehotel] [           main] o.s.c.a.ClassPathBeanDefinitionScanner   : Identified candidate component class: file [C:\Users\souhail\Downloads\CSI2132-main\backend\e-hotel\target\classes\com\example\e_hotel\controller\HotelController.class]
2025-03-31T21:36:45.432-04:00 DEBUG 28380 --- [ehotel] [           main] o.s.c.a.ClassPathBeanDefinitionScanner   : Identified candidate component class: file [C:\Users\souhail\Downloads\CSI2132-main\backend\e-hotel\target\classes\com\example\e_hotel\controller\RentingController.class]
2025-03-31T21:36:45.433-04:00 DEBUG 28380 --- [ehotel] [           main] o.s.c.a.ClassPathBeanDefinitionScanner   : Identified candidate component class: file [C:\Users\souhail\Downloads\CSI2132-main\backend\e-hotel\target\classes\com\example\e_hotel\controller\RoomController.class]
2025-03-31T21:36:45.441-04:00 DEBUG 28380 --- [ehotel] [           main] o.s.c.a.ClassPathBeanDefinitionScanner   : Ignored because not a concrete top-level class: file [C:\Users\souhail\Downloads\CSI2132-main\backend\e-hotel\target\classes\com\example\e_hotel\repository\BookingRepository.class]
2025-03-31T21:36:45.442-04:00 DEBUG 28380 --- [ehotel] [           main] o.s.c.a.ClassPathBeanDefinitionScanner   : Ignored because not a concrete top-level class: file [C:\Users\souhail\Downloads\CSI2132-main\backend\e-hotel\target\classes\com\example\e_hotel\repository\CustomerRepository.class]
2025-03-31T21:36:45.443-04:00 DEBUG 28380 --- [ehotel] [           main] o.s.c.a.ClassPathBeanDefinitionScanner   : Ignored because not a concrete top-level class: file [C:\Users\souhail\Downloads\CSI2132-main\backend\e-hotel\target\classes\com\example\e_hotel\repository\EmployeeRepository.class]
2025-03-31T21:36:45.444-04:00 DEBUG 28380 --- [ehotel] [           main] o.s.c.a.ClassPathBeanDefinitionScanner   : Ignored because not a concrete top-level class: file [C:\Users\souhail\Downloads\CSI2132-main\backend\e-hotel\target\classes\com\example\e_hotel\repository\HotelRepository.class]
2025-03-31T21:36:45.445-04:00 DEBUG 28380 --- [ehotel] [           main] o.s.c.a.ClassPathBeanDefinitionScanner   : Ignored because not a concrete top-level class: file [C:\Users\souhail\Downloads\CSI2132-main\backend\e-hotel\target\classes\com\example\e_hotel\repository\RentingRepository.class]
2025-03-31T21:36:45.445-04:00 DEBUG 28380 --- [ehotel] [           main] o.s.c.a.ClassPathBeanDefinitionScanner   : Ignored because not a concrete top-level class: file [C:\Users\souhail\Downloads\CSI2132-main\backend\e-hotel\target\classes\com\example\e_hotel\repository\RoomRepository.class]
2025-03-31T21:36:46.082-04:00  INFO 28380 --- [ehotel] [           main] .s.d.r.c.RepositoryConfigurationDelegate : Bootstrapping Spring Data JPA repositories in DEFAULT mode.
2025-03-31T21:36:46.095-04:00 DEBUG 28380 --- [ehotel] [           main] o.s.b.f.s.DefaultListableBeanFactory     : Creating shared instance of singleton bean 'org.springframework.boot.autoconfigure.AutoConfigurationPackages'
2025-03-31T21:36:46.102-04:00 DEBUG 28380 --- [ehotel] [           main] o.s.b.a.AutoConfigurationPackages        : @EnableAutoConfiguration was declared on a class in the package 'com.example.e_hotel'. Automatic @Repository and @Entity scanning is enabled.
2025-03-31T21:36:46.104-04:00 DEBUG 28380 --- [ehotel] [           main] .s.d.r.c.RepositoryConfigurationDelegate : Scanning for JPA repositories in packages com.example.e_hotel.
2025-03-31T21:36:46.115-04:00 DEBUG 28380 --- [ehotel] [           main] o.s.d.r.c.RepositoryComponentProvider    : Identified candidate component class: file [C:\Users\souhail\Downloads\CSI2132-main\backend\e-hotel\target\classes\com\example\e_hotel\repository\BookingRepository.class]
2025-03-31T21:36:46.115-04:00 DEBUG 28380 --- [ehotel] [           main] o.s.d.r.c.RepositoryComponentProvider    : Identified candidate component class: file [C:\Users\souhail\Downloads\CSI2132-main\backend\e-hotel\target\classes\com\example\e_hotel\repository\CustomerRepository.class]
2025-03-31T21:36:46.116-04:00 DEBUG 28380 --- [ehotel] [           main] o.s.d.r.c.RepositoryComponentProvider    : Identified candidate component class: file [C:\Users\souhail\Downloads\CSI2132-main\backend\e-hotel\target\classes\com\example\e_hotel\repository\EmployeeRepository.class]
2025-03-31T21:36:46.116-04:00 DEBUG 28380 --- [ehotel] [           main] o.s.d.r.c.RepositoryComponentProvider    : Identified candidate component class: file [C:\Users\souhail\Downloads\CSI2132-main\backend\e-hotel\target\classes\com\example\e_hotel\repository\HotelRepository.class]
2025-03-31T21:36:46.116-04:00 DEBUG 28380 --- [ehotel] [           main] o.s.d.r.c.RepositoryComponentProvider    : Identified candidate component class: file [C:\Users\souhail\Downloads\CSI2132-main\backend\e-hotel\target\classes\com\example\e_hotel\repository\RentingRepository.class]
2025-03-31T21:36:46.116-04:00 DEBUG 28380 --- [ehotel] [           main] o.s.d.r.c.RepositoryComponentProvider    : Identified candidate component class: file [C:\Users\souhail\Downloads\CSI2132-main\backend\e-hotel\target\classes\com\example\e_hotel\repository\RoomRepository.class]
2025-03-31T21:36:46.163-04:00  INFO 28380 --- [ehotel] [           main] .s.d.r.c.RepositoryConfigurationDelegate : Finished Spring Data repository scanning in 57 ms. Found 6 JPA repository interfaces.
2025-03-31T21:36:46.328-04:00 DEBUG 28380 --- [ehotel] [           main] o.s.b.f.s.DefaultListableBeanFactory     : Creating shared instance of singleton bean 'propertySourcesPlaceholderConfigurer'
2025-03-31T21:36:46.333-04:00 DEBUG 28380 --- [ehotel] [           main] o.s.b.f.s.DefaultListableBeanFactory     : Creating shared instance of singleton bean 'org.springframework.boot.test.mock.mockito.MockitoPostProcessor'
2025-03-31T21:36:46.335-04:00 DEBUG 28380 --- [ehotel] [           main] o.s.b.f.s.DefaultListableBeanFactory     : Creating shared instance of singleton bean 'emBeanDefinitionRegistrarPostProcessor'
2025-03-31T21:36:46.335-04:00 DEBUG 28380 --- [ehotel] [           main] o.s.b.f.s.DefaultListableBeanFactory     : Creating shared instance of singleton bean 'org.springframework.boot.sql.init.dependency.DatabaseInitializationDependencyConfigurer$DependsOnDatabaseInitializationPostProcessor'
2025-03-31T21:36:46.381-04:00 DEBUG 28380 --- [ehotel] [           main] o.s.b.f.s.DefaultListableBeanFactory     : Creating shared instance of singleton bean 'org.springframework.context.event.internalEventListenerProcessor'
2025-03-31T21:36:46.383-04:00 DEBUG 28380 --- [ehotel] [           main] o.s.b.f.s.DefaultListableBeanFactory     : Creating shared instance of singleton bean 'preserveErrorControllerTargetClassPostProcessor'
2025-03-31T21:36:46.384-04:00 DEBUG 28380 --- [ehotel] [           main] o.s.b.f.s.DefaultListableBeanFactory     : Creating shared instance of singleton bean 'org.springframework.context.event.internalEventListenerFactory'
2025-03-31T21:36:46.384-04:00 DEBUG 28380 --- [ehotel] [           main] o.s.b.f.s.DefaultListableBeanFactory     : Creating shared instance of singleton bean 'org.springframework.transaction.config.internalTransactionalEventListenerFactory'
2025-03-31T21:36:46.389-04:00 DEBUG 28380 --- [ehotel] [           main] o.s.b.f.s.DefaultListableBeanFactory     : Creating shared instance of singleton bean 'org.springframework.boot.test.mock.mockito.MockitoPostProcessor$SpyPostProcessor'
2025-03-31T21:36:46.391-04:00 DEBUG 28380 --- [ehotel] [           main] o.s.b.f.s.DefaultListableBeanFactory     : Creating shared instance of singleton bean 'org.springframework.context.annotation.internalAutowiredAnnotationProcessor'
2025-03-31T21:36:46.393-04:00 DEBUG 28380 --- [ehotel] [           main] o.s.b.f.s.DefaultListableBeanFactory     : Creating shared instance of singleton bean 'org.springframework.context.annotation.internalCommonAnnotationProcessor'
2025-03-31T21:36:46.397-04:00 DEBUG 28380 --- [ehotel] [           main] o.s.b.f.s.DefaultListableBeanFactory     : Creating shared instance of singleton bean 'org.springframework.context.annotation.internalPersistenceAnnotationProcessor'
2025-03-31T21:36:46.398-04:00 DEBUG 28380 --- [ehotel] [           main] o.s.b.f.s.DefaultListableBeanFactory     : Creating shared instance of singleton bean 'org.springframework.boot.context.properties.ConfigurationPropertiesBindingPostProcessor'
2025-03-31T21:36:46.398-04:00 DEBUG 28380 --- [ehotel] [           main] o.s.b.f.s.DefaultListableBeanFactory     : Creating shared instance of singleton bean 'org.springframework.boot.context.internalConfigurationPropertiesBinder'
2025-03-31T21:36:46.401-04:00 DEBUG 28380 --- [ehotel] [           main] o.s.b.f.s.DefaultListableBeanFactory     : Creating shared instance of singleton bean 'jdbcConnectionDetailsHikariBeanPostProcessor'
2025-03-31T21:36:46.406-04:00 DEBUG 28380 --- [ehotel] [           main] o.s.b.f.s.DefaultListableBeanFactory     : Creating shared instance of singleton bean 'org.springframework.aop.config.internalAutoProxyCreator'
2025-03-31T21:36:46.430-04:00 DEBUG 28380 --- [ehotel] [           main] o.s.b.f.s.DefaultListableBeanFactory     : Creating shared instance of singleton bean 'persistenceExceptionTranslationPostProcessor'
2025-03-31T21:36:46.432-04:00 DEBUG 28380 --- [ehotel] [           main] o.s.b.f.s.DefaultListableBeanFactory     : Autowiring by type from bean name 'persistenceExceptionTranslationPostProcessor' via factory method to bean named 'environment'
2025-03-31T21:36:46.437-04:00 DEBUG 28380 --- [ehotel] [           main] o.s.b.f.s.DefaultListableBeanFactory     : Creating shared instance of singleton bean 'webServerFactoryCustomizerBeanPostProcessor'
2025-03-31T21:36:46.438-04:00 DEBUG 28380 --- [ehotel] [           main] o.s.b.f.s.DefaultListableBeanFactory     : Creating shared instance of singleton bean 'errorPageRegistrarBeanPostProcessor'
2025-03-31T21:36:46.439-04:00 DEBUG 28380 --- [ehotel] [           main] o.s.b.f.s.DefaultListableBeanFactory     : Creating shared instance of singleton bean 'projectingArgumentResolverBeanPostProcessor'
2025-03-31T21:36:46.441-04:00 DEBUG 28380 --- [ehotel] [           main] o.s.b.f.s.DefaultListableBeanFactory     : Creating shared instance of singleton bean 'org.springframework.transaction.config.internalTransactionAdvisor'
2025-03-31T21:36:46.441-04:00 DEBUG 28380 --- [ehotel] [           main] o.s.b.f.s.DefaultListableBeanFactory     : Creating shared instance of singleton bean 'org.springframework.transaction.annotation.ProxyTransactionManagementConfiguration'
2025-03-31T21:36:46.471-04:00 DEBUG 28380 --- [ehotel] [           main] o.s.b.f.s.DefaultListableBeanFactory     : Creating shared instance of singleton bean 'transactionAttributeSource'
2025-03-31T21:36:46.474-04:00 DEBUG 28380 --- [ehotel] [           main] o.s.b.f.s.DefaultListableBeanFactory     : Creating shared instance of singleton bean 'transactionInterceptor'
2025-03-31T21:36:46.475-04:00 DEBUG 28380 --- [ehotel] [           main] o.s.b.f.s.DefaultListableBeanFactory     : Autowiring by type from bean name 'transactionInterceptor' via factory method to bean named 'transactionAttributeSource'
2025-03-31T21:36:46.484-04:00 DEBUG 28380 --- [ehotel] [           main] o.s.b.f.s.DefaultListableBeanFactory     : Autowiring by type from bean name 'org.springframework.transaction.config.internalTransactionAdvisor' via factory method to bean named 'transactionAttributeSource'
2025-03-31T21:36:46.484-04:00 DEBUG 28380 --- [ehotel] [           main] o.s.b.f.s.DefaultListableBeanFactory     : Autowiring by type from bean name 'org.springframework.transaction.config.internalTransactionAdvisor' via factory method to bean named 'transactionInterceptor'
2025-03-31T21:36:46.518-04:00 DEBUG 28380 --- [ehotel] [           main] o.s.u.c.s.UiApplicationContextUtils      : Unable to locate ThemeSource with name 'themeSource': using default [org.springframework.ui.context.support.ResourceBundleThemeSource@a09303]
2025-03-31T21:36:46.520-04:00 DEBUG 28380 --- [ehotel] [           main] o.s.b.f.s.DefaultListableBeanFactory     : Creating shared instance of singleton bean 'org.springframework.test.context.support.internalDynamicPropertyRegistrarBeanInitializer'
2025-03-31T21:36:46.522-04:00 DEBUG 28380 --- [ehotel] [           main] o.s.b.f.s.DefaultListableBeanFactory     : Creating shared instance of singleton bean 'dataSourceScriptDatabaseInitializer'
2025-03-31T21:36:46.523-04:00 DEBUG 28380 --- [ehotel] [           main] o.s.b.f.s.DefaultListableBeanFactory     : Creating shared instance of singleton bean 'org.springframework.boot.autoconfigure.sql.init.DataSourceInitializationConfiguration'
2025-03-31T21:36:46.524-04:00 DEBUG 28380 --- [ehotel] [           main] o.s.b.f.s.DefaultListableBeanFactory     : Creating shared instance of singleton bean 'dataSource'
2025-03-31T21:36:46.524-04:00 DEBUG 28380 --- [ehotel] [           main] o.s.b.f.s.DefaultListableBeanFactory     : Creating shared instance of singleton bean 'org.springframework.boot.autoconfigure.jdbc.DataSourceConfiguration$Hikari'
2025-03-31T21:36:46.525-04:00 DEBUG 28380 --- [ehotel] [           main] o.s.b.f.s.DefaultListableBeanFactory     : Creating shared instance of singleton bean 'spring.datasource-org.springframework.boot.autoconfigure.jdbc.DataSourceProperties'
2025-03-31T21:36:46.526-04:00 DEBUG 28380 --- [ehotel] [           main] o.s.b.f.s.DefaultListableBeanFactory     : Creating shared instance of singleton bean 'org.springframework.boot.context.properties.BoundConfigurationProperties'
2025-03-31T21:36:46.541-04:00 DEBUG 28380 --- [ehotel] [           main] o.s.b.f.s.DefaultListableBeanFactory     : Creating shared instance of singleton bean 'jdbcConnectionDetails'
2025-03-31T21:36:46.542-04:00 DEBUG 28380 --- [ehotel] [           main] o.s.b.f.s.DefaultListableBeanFactory     : Creating shared instance of singleton bean 'org.springframework.boot.autoconfigure.jdbc.DataSourceAutoConfiguration$PooledDataSourceConfiguration'
2025-03-31T21:36:46.543-04:00 DEBUG 28380 --- [ehotel] [           main] o.s.b.f.s.DefaultListableBeanFactory     : Autowiring by type from bean name 'jdbcConnectionDetails' via factory method to bean named 'spring.datasource-org.springframework.boot.autoconfigure.jdbc.DataSourceProperties'
2025-03-31T21:36:46.544-04:00 DEBUG 28380 --- [ehotel] [           main] o.s.b.f.s.DefaultListableBeanFactory     : Autowiring by type from bean name 'dataSource' via factory method to bean named 'spring.datasource-org.springframework.boot.autoconfigure.jdbc.DataSourceProperties'
2025-03-31T21:36:46.544-04:00 DEBUG 28380 --- [ehotel] [           main] o.s.b.f.s.DefaultListableBeanFactory     : Autowiring by type from bean name 'dataSource' via factory method to bean named 'jdbcConnectionDetails'
2025-03-31T21:36:46.549-04:00 DEBUG 28380 --- [ehotel] [           main] com.zaxxer.hikari.HikariConfig           : Driver class org.postgresql.Driver found in Thread context class loader jdk.internal.loader.ClassLoaders$AppClassLoader@70dea4e
2025-03-31T21:36:46.568-04:00 DEBUG 28380 --- [ehotel] [           main] o.s.b.f.s.DefaultListableBeanFactory     : Creating shared instance of singleton bean 'spring.sql.init-org.springframework.boot.autoconfigure.sql.init.SqlInitializationProperties'
2025-03-31T21:36:46.571-04:00 DEBUG 28380 --- [ehotel] [           main] o.s.b.f.s.DefaultListableBeanFactory     : Autowiring by type from bean name 'dataSourceScriptDatabaseInitializer' via factory method to bean named 'dataSource'
2025-03-31T21:36:46.571-04:00 DEBUG 28380 --- [ehotel] [           main] o.s.b.f.s.DefaultListableBeanFactory     : Autowiring by type from bean name 'dataSourceScriptDatabaseInitializer' via factory method to bean named 'spring.sql.init-org.springframework.boot.autoconfigure.sql.init.SqlInitializationProperties'
2025-03-31T21:36:46.575-04:00 DEBUG 28380 --- [ehotel] [           main] o.s.b.f.s.DefaultListableBeanFactory     : Creating shared instance of singleton bean 'entityManagerFactory'
2025-03-31T21:36:46.576-04:00 DEBUG 28380 --- [ehotel] [           main] o.s.b.f.s.DefaultListableBeanFactory     : Creating shared instance of singleton bean 'org.springframework.boot.autoconfigure.orm.jpa.HibernateJpaConfiguration'
2025-03-31T21:36:46.577-04:00 DEBUG 28380 --- [ehotel] [           main] o.s.b.f.s.DefaultListableBeanFactory     : Creating shared instance of singleton bean 'spring.jpa-org.springframework.boot.autoconfigure.orm.jpa.JpaProperties'
2025-03-31T21:36:46.580-04:00 DEBUG 28380 --- [ehotel] [           main] o.s.b.f.s.DefaultListableBeanFactory     : Creating shared instance of singleton bean 'spring.jpa.hibernate-org.springframework.boot.autoconfigure.orm.jpa.HibernateProperties'
2025-03-31T21:36:46.582-04:00 DEBUG 28380 --- [ehotel] [           main] o.s.b.f.s.DefaultListableBeanFactory     : Autowiring by type from bean name 'org.springframework.boot.autoconfigure.orm.jpa.HibernateJpaConfiguration' via constructor to bean named 'dataSource'
2025-03-31T21:36:46.582-04:00 DEBUG 28380 --- [ehotel] [           main] o.s.b.f.s.DefaultListableBeanFactory     : Autowiring by type from bean name 'org.springframework.boot.autoconfigure.orm.jpa.HibernateJpaConfiguration' via constructor to bean named 'spring.jpa-org.springframework.boot.autoconfigure.orm.jpa.JpaProperties'
2025-03-31T21:36:46.582-04:00 DEBUG 28380 --- [ehotel] [           main] o.s.b.f.s.DefaultListableBeanFactory     : Autowiring by type from bean name 'org.springframework.boot.autoconfigure.orm.jpa.HibernateJpaConfiguration' via constructor to bean named 'org.springframework.beans.factory.support.DefaultListableBeanFactory@6b410923'
2025-03-31T21:36:46.582-04:00 DEBUG 28380 --- [ehotel] [           main] o.s.b.f.s.DefaultListableBeanFactory     : Autowiring by type from bean name 'org.springframework.boot.autoconfigure.orm.jpa.HibernateJpaConfiguration' via constructor to bean named 'spring.jpa.hibernate-org.springframework.boot.autoconfigure.orm.jpa.HibernateProperties'
2025-03-31T21:36:46.586-04:00 DEBUG 28380 --- [ehotel] [           main] o.s.b.f.s.DefaultListableBeanFactory     : Creating shared instance of singleton bean 'hikariPoolDataSourceMetadataProvider'
2025-03-31T21:36:46.587-04:00 DEBUG 28380 --- [ehotel] [           main] o.s.b.f.s.DefaultListableBeanFactory     : Creating shared instance of singleton bean 'org.springframework.boot.autoconfigure.jdbc.metadata.DataSourcePoolMetadataProvidersConfiguration$HikariPoolDataSourceMetadataProviderConfiguration'
2025-03-31T21:36:46.595-04:00 DEBUG 28380 --- [ehotel] [           main] o.s.b.f.s.DefaultListableBeanFactory     : Creating shared instance of singleton bean 'entityManagerFactoryBuilder'
2025-03-31T21:36:46.597-04:00 DEBUG 28380 --- [ehotel] [           main] o.s.b.f.s.DefaultListableBeanFactory     : Creating shared instance of singleton bean 'jpaVendorAdapter'
2025-03-31T21:36:46.617-04:00 DEBUG 28380 --- [ehotel] [           main] org.jboss.logging                        : Logging Provider: org.jboss.logging.Slf4jLoggerProvider found via system property
2025-03-31T21:36:46.622-04:00 DEBUG 28380 --- [ehotel] [           main] o.s.b.f.s.DefaultListableBeanFactory     : Autowiring by type from bean name 'entityManagerFactoryBuilder' via factory method to bean named 'jpaVendorAdapter'
2025-03-31T21:36:46.640-04:00 DEBUG 28380 --- [ehotel] [           main] o.s.b.f.s.DefaultListableBeanFactory     : Creating shared instance of singleton bean 'persistenceManagedTypes'
2025-03-31T21:36:46.641-04:00 DEBUG 28380 --- [ehotel] [           main] o.s.b.f.s.DefaultListableBeanFactory     : Autowiring by type from bean name 'persistenceManagedTypes' via factory method to bean named 'org.springframework.beans.factory.support.DefaultListableBeanFactory@6b410923'
2025-03-31T21:36:46.641-04:00 DEBUG 28380 --- [ehotel] [           main] o.s.b.f.s.DefaultListableBeanFactory     : Autowiring by type from bean name 'persistenceManagedTypes' via factory method to bean named 'org.springframework.web.context.support.GenericWebApplicationContext@17ae98d7'
2025-03-31T21:36:46.655-04:00 DEBUG 28380 --- [ehotel] [           main] o.s.b.f.s.DefaultListableBeanFactory     : Autowiring by type from bean name 'entityManagerFactory' via factory method to bean named 'entityManagerFactoryBuilder'
2025-03-31T21:36:46.655-04:00 DEBUG 28380 --- [ehotel] [           main] o.s.b.f.s.DefaultListableBeanFactory     : Autowiring by type from bean name 'entityManagerFactory' via factory method to bean named 'persistenceManagedTypes'
2025-03-31T21:36:46.678-04:00 DEBUG 28380 --- [ehotel] [           main] j.LocalContainerEntityManagerFactoryBean : Building JPA container EntityManagerFactory for persistence unit 'default'
2025-03-31T21:36:46.753-04:00 DEBUG 28380 --- [ehotel] [           main] o.hibernate.jpa.internal.util.LogHelper  : PersistenceUnitInfo [
	name: default
	persistence provider classname: null
	classloader: jdk.internal.loader.ClassLoaders$AppClassLoader@70dea4e
	excludeUnlistedClasses: true
	JTA datasource: null
	Non JTA datasource: HikariDataSource (null)
	Transaction type: RESOURCE_LOCAL
	PU root URL: file:/C:/Users/souhail/Downloads/CSI2132-main/backend/e-hotel/target/test-classes/
	Shared Cache Mode: UNSPECIFIED
	Validation Mode: AUTO
	Jar files URLs []
	Managed classes names [
		com.example.e_hotel.model.Booking
		com.example.e_hotel.model.Customer
		com.example.e_hotel.model.Employee
		com.example.e_hotel.model.Hotel
		com.example.e_hotel.model.Renting
		com.example.e_hotel.model.Room]
	Mapping files names []
	Properties []
2025-03-31T21:36:46.775-04:00 DEBUG 28380 --- [ehotel] [           main] o.h.i.internal.IntegratorServiceImpl     : Adding Integrator [org.hibernate.boot.beanvalidation.BeanValidationIntegrator].
2025-03-31T21:36:46.776-04:00 DEBUG 28380 --- [ehotel] [           main] o.h.i.internal.IntegratorServiceImpl     : Adding Integrator [org.hibernate.cache.internal.CollectionCacheInvalidator].
2025-03-31T21:36:46.835-04:00  INFO 28380 --- [ehotel] [           main] org.hibernate.Version                    : HHH000412: Hibernate ORM core version 6.6.5.Final
2025-03-31T21:36:46.837-04:00 DEBUG 28380 --- [ehotel] [           main] org.hibernate.cfg.Environment            : HHH000206: 'hibernate.properties' not found
2025-03-31T21:36:46.862-04:00 DEBUG 28380 --- [ehotel] [           main] org.hibernate.orm.idgen.factory          : Registering IdentifierGenerator strategy [uuid2] -> [org.hibernate.id.UUIDGenerator]
2025-03-31T21:36:46.863-04:00 DEBUG 28380 --- [ehotel] [           main] org.hibernate.orm.idgen.factory          : Registering IdentifierGenerator strategy [guid] -> [org.hibernate.id.GUIDGenerator]
2025-03-31T21:36:46.864-04:00 DEBUG 28380 --- [ehotel] [           main] org.hibernate.orm.idgen.factory          : Registering IdentifierGenerator strategy [uuid] -> [org.hibernate.id.UUIDHexGenerator]
2025-03-31T21:36:46.864-04:00 DEBUG 28380 --- [ehotel] [           main] org.hibernate.orm.idgen.factory          : Registering IdentifierGenerator strategy [uuid.hex] -> [org.hibernate.id.UUIDHexGenerator]
2025-03-31T21:36:46.864-04:00 DEBUG 28380 --- [ehotel] [           main] org.hibernate.orm.idgen.factory          : Registering IdentifierGenerator strategy [assigned] -> [org.hibernate.id.Assigned]
2025-03-31T21:36:46.865-04:00 DEBUG 28380 --- [ehotel] [           main] org.hibernate.orm.idgen.factory          : Registering IdentifierGenerator strategy [identity] -> [org.hibernate.id.IdentityGenerator]
2025-03-31T21:36:46.866-04:00 DEBUG 28380 --- [ehotel] [           main] org.hibernate.orm.idgen.factory          : Registering IdentifierGenerator strategy [select] -> [org.hibernate.id.SelectGenerator]
2025-03-31T21:36:46.867-04:00 DEBUG 28380 --- [ehotel] [           main] org.hibernate.orm.idgen.factory          : Registering IdentifierGenerator strategy [sequence] -> [org.hibernate.id.enhanced.SequenceStyleGenerator]
2025-03-31T21:36:46.868-04:00 DEBUG 28380 --- [ehotel] [           main] org.hibernate.orm.idgen.factory          : Registering IdentifierGenerator strategy [increment] -> [org.hibernate.id.IncrementGenerator]
2025-03-31T21:36:46.868-04:00 DEBUG 28380 --- [ehotel] [           main] org.hibernate.orm.idgen.factory          : Registering IdentifierGenerator strategy [foreign] -> [org.hibernate.id.ForeignGenerator]
2025-03-31T21:36:46.868-04:00 DEBUG 28380 --- [ehotel] [           main] org.hibernate.orm.idgen.factory          : Registering IdentifierGenerator strategy [enhanced-sequence] -> [org.hibernate.id.enhanced.SequenceStyleGenerator]
2025-03-31T21:36:46.869-04:00 DEBUG 28380 --- [ehotel] [           main] org.hibernate.orm.idgen.factory          : Registering IdentifierGenerator strategy [enhanced-table] -> [org.hibernate.id.enhanced.TableGenerator]
2025-03-31T21:36:46.876-04:00 DEBUG 28380 --- [ehotel] [           main] o.h.c.internal.RegionFactoryInitiator    : Cannot default RegionFactory based on registered strategies as `[]` RegionFactory strategies were registered
2025-03-31T21:36:46.877-04:00  INFO 28380 --- [ehotel] [           main] o.h.c.internal.RegionFactoryInitiator    : HHH000026: Second-level cache disabled
2025-03-31T21:36:46.995-04:00 DEBUG 28380 --- [ehotel] [           main] org.hibernate.type.BasicTypeRegistry     : Adding type registration boolean -> org.hibernate.type.BasicTypeReference@21390938
2025-03-31T21:36:46.995-04:00 DEBUG 28380 --- [ehotel] [           main] org.hibernate.type.BasicTypeRegistry     : Adding type registration boolean -> org.hibernate.type.BasicTypeReference@21390938
2025-03-31T21:36:46.995-04:00 DEBUG 28380 --- [ehotel] [           main] org.hibernate.type.BasicTypeRegistry     : Adding type registration java.lang.Boolean -> org.hibernate.type.BasicTypeReference@21390938
2025-03-31T21:36:46.995-04:00 DEBUG 28380 --- [ehotel] [           main] org.hibernate.type.BasicTypeRegistry     : Adding type registration numeric_boolean -> org.hibernate.type.BasicTypeReference@1129829c
2025-03-31T21:36:46.995-04:00 DEBUG 28380 --- [ehotel] [           main] org.hibernate.type.BasicTypeRegistry     : Adding type registration org.hibernate.type.NumericBooleanConverter -> org.hibernate.type.BasicTypeReference@1129829c
2025-03-31T21:36:46.995-04:00 DEBUG 28380 --- [ehotel] [           main] org.hibernate.type.BasicTypeRegistry     : Adding type registration true_false -> org.hibernate.type.BasicTypeReference@1a531422
2025-03-31T21:36:46.996-04:00 DEBUG 28380 --- [ehotel] [           main] org.hibernate.type.BasicTypeRegistry     : Adding type registration org.hibernate.type.TrueFalseConverter -> org.hibernate.type.BasicTypeReference@1a531422
2025-03-31T21:36:46.996-04:00 DEBUG 28380 --- [ehotel] [           main] org.hibernate.type.BasicTypeRegistry     : Adding type registration yes_no -> org.hibernate.type.BasicTypeReference@7a388990
2025-03-31T21:36:46.996-04:00 DEBUG 28380 --- [ehotel] [           main] org.hibernate.type.BasicTypeRegistry     : Adding type registration org.hibernate.type.YesNoConverter -> org.hibernate.type.BasicTypeReference@7a388990
2025-03-31T21:36:46.996-04:00 DEBUG 28380 --- [ehotel] [           main] org.hibernate.type.BasicTypeRegistry     : Adding type registration byte -> org.hibernate.type.BasicTypeReference@13213f26
2025-03-31T21:36:46.996-04:00 DEBUG 28380 --- [ehotel] [           main] org.hibernate.type.BasicTypeRegistry     : Adding type registration byte -> org.hibernate.type.BasicTypeReference@13213f26
2025-03-31T21:36:46.996-04:00 DEBUG 28380 --- [ehotel] [           main] org.hibernate.type.BasicTypeRegistry     : Adding type registration java.lang.Byte -> org.hibernate.type.BasicTypeReference@13213f26
2025-03-31T21:36:46.996-04:00 DEBUG 28380 --- [ehotel] [           main] org.hibernate.type.BasicTypeRegistry     : Adding type registration binary -> org.hibernate.type.BasicTypeReference@4e4162bc
2025-03-31T21:36:46.996-04:00 DEBUG 28380 --- [ehotel] [           main] org.hibernate.type.BasicTypeRegistry     : Adding type registration byte[] -> org.hibernate.type.BasicTypeReference@4e4162bc
2025-03-31T21:36:46.997-04:00 DEBUG 28380 --- [ehotel] [           main] org.hibernate.type.BasicTypeRegistry     : Adding type registration [B -> org.hibernate.type.BasicTypeReference@4e4162bc
2025-03-31T21:36:46.997-04:00 DEBUG 28380 --- [ehotel] [           main] org.hibernate.type.BasicTypeRegistry     : Adding type registration binary_wrapper -> org.hibernate.type.BasicTypeReference@4c319d52
2025-03-31T21:36:46.997-04:00 DEBUG 28380 --- [ehotel] [           main] org.hibernate.type.BasicTypeRegistry     : Adding type registration wrapper-binary -> org.hibernate.type.BasicTypeReference@4c319d52
2025-03-31T21:36:46.997-04:00 DEBUG 28380 --- [ehotel] [           main] org.hibernate.type.BasicTypeRegistry     : Adding type registration image -> org.hibernate.type.BasicTypeReference@72fbf94d
2025-03-31T21:36:46.997-04:00 DEBUG 28380 --- [ehotel] [           main] org.hibernate.type.BasicTypeRegistry     : Adding type registration blob -> org.hibernate.type.BasicTypeReference@6839203b
2025-03-31T21:36:46.997-04:00 DEBUG 28380 --- [ehotel] [           main] org.hibernate.type.BasicTypeRegistry     : Adding type registration java.sql.Blob -> org.hibernate.type.BasicTypeReference@6839203b
2025-03-31T21:36:46.997-04:00 DEBUG 28380 --- [ehotel] [           main] org.hibernate.type.BasicTypeRegistry     : Adding type registration materialized_blob -> org.hibernate.type.BasicTypeReference@2d28fb02
2025-03-31T21:36:46.997-04:00 DEBUG 28380 --- [ehotel] [           main] org.hibernate.type.BasicTypeRegistry     : Adding type registration materialized_blob_wrapper -> org.hibernate.type.BasicTypeReference@6db328f8
2025-03-31T21:36:46.997-04:00 DEBUG 28380 --- [ehotel] [           main] org.hibernate.type.BasicTypeRegistry     : Adding type registration short -> org.hibernate.type.BasicTypeReference@402f8592
2025-03-31T21:36:46.997-04:00 DEBUG 28380 --- [ehotel] [           main] org.hibernate.type.BasicTypeRegistry     : Adding type registration short -> org.hibernate.type.BasicTypeReference@402f8592
2025-03-31T21:36:46.997-04:00 DEBUG 28380 --- [ehotel] [           main] org.hibernate.type.BasicTypeRegistry     : Adding type registration java.lang.Short -> org.hibernate.type.BasicTypeReference@402f8592
2025-03-31T21:36:46.997-04:00 DEBUG 28380 --- [ehotel] [           main] org.hibernate.type.BasicTypeRegistry     : Adding type registration integer -> org.hibernate.type.BasicTypeReference@61b65d54
2025-03-31T21:36:46.997-04:00 DEBUG 28380 --- [ehotel] [           main] org.hibernate.type.BasicTypeRegistry     : Adding type registration int -> org.hibernate.type.BasicTypeReference@61b65d54
2025-03-31T21:36:46.997-04:00 DEBUG 28380 --- [ehotel] [           main] org.hibernate.type.BasicTypeRegistry     : Adding type registration java.lang.Integer -> org.hibernate.type.BasicTypeReference@61b65d54
2025-03-31T21:36:46.997-04:00 DEBUG 28380 --- [ehotel] [           main] org.hibernate.type.BasicTypeRegistry     : Adding type registration long -> org.hibernate.type.BasicTypeReference@b2c4a8b
2025-03-31T21:36:46.997-04:00 DEBUG 28380 --- [ehotel] [           main] org.hibernate.type.BasicTypeRegistry     : Adding type registration long -> org.hibernate.type.BasicTypeReference@b2c4a8b
2025-03-31T21:36:46.998-04:00 DEBUG 28380 --- [ehotel] [           main] org.hibernate.type.BasicTypeRegistry     : Adding type registration java.lang.Long -> org.hibernate.type.BasicTypeReference@b2c4a8b
2025-03-31T21:36:46.998-04:00 DEBUG 28380 --- [ehotel] [           main] org.hibernate.type.BasicTypeRegistry     : Adding type registration float -> org.hibernate.type.BasicTypeReference@7f2c57fe
2025-03-31T21:36:46.998-04:00 DEBUG 28380 --- [ehotel] [           main] org.hibernate.type.BasicTypeRegistry     : Adding type registration float -> org.hibernate.type.BasicTypeReference@7f2c57fe
2025-03-31T21:36:46.998-04:00 DEBUG 28380 --- [ehotel] [           main] org.hibernate.type.BasicTypeRegistry     : Adding type registration java.lang.Float -> org.hibernate.type.BasicTypeReference@7f2c57fe
2025-03-31T21:36:46.998-04:00 DEBUG 28380 --- [ehotel] [           main] org.hibernate.type.BasicTypeRegistry     : Adding type registration double -> org.hibernate.type.BasicTypeReference@43935e9c
2025-03-31T21:36:46.998-04:00 DEBUG 28380 --- [ehotel] [           main] org.hibernate.type.BasicTypeRegistry     : Adding type registration double -> org.hibernate.type.BasicTypeReference@43935e9c
2025-03-31T21:36:46.998-04:00 DEBUG 28380 --- [ehotel] [           main] org.hibernate.type.BasicTypeRegistry     : Adding type registration java.lang.Double -> org.hibernate.type.BasicTypeReference@43935e9c
2025-03-31T21:36:46.998-04:00 DEBUG 28380 --- [ehotel] [           main] org.hibernate.type.BasicTypeRegistry     : Adding type registration big_integer -> org.hibernate.type.BasicTypeReference@101cf747
2025-03-31T21:36:46.998-04:00 DEBUG 28380 --- [ehotel] [           main] org.hibernate.type.BasicTypeRegistry     : Adding type registration java.math.BigInteger -> org.hibernate.type.BasicTypeReference@101cf747
2025-03-31T21:36:46.998-04:00 DEBUG 28380 --- [ehotel] [           main] org.hibernate.type.BasicTypeRegistry     : Adding type registration big_decimal -> org.hibernate.type.BasicTypeReference@790d8fdd
2025-03-31T21:36:46.998-04:00 DEBUG 28380 --- [ehotel] [           main] org.hibernate.type.BasicTypeRegistry     : Adding type registration java.math.BigDecimal -> org.hibernate.type.BasicTypeReference@790d8fdd
2025-03-31T21:36:46.998-04:00 DEBUG 28380 --- [ehotel] [           main] org.hibernate.type.BasicTypeRegistry     : Adding type registration character -> org.hibernate.type.BasicTypeReference@6403a4a5
2025-03-31T21:36:46.998-04:00 DEBUG 28380 --- [ehotel] [           main] org.hibernate.type.BasicTypeRegistry     : Adding type registration char -> org.hibernate.type.BasicTypeReference@6403a4a5
2025-03-31T21:36:46.998-04:00 DEBUG 28380 --- [ehotel] [           main] org.hibernate.type.BasicTypeRegistry     : Adding type registration java.lang.Character -> org.hibernate.type.BasicTypeReference@6403a4a5
2025-03-31T21:36:46.998-04:00 DEBUG 28380 --- [ehotel] [           main] org.hibernate.type.BasicTypeRegistry     : Adding type registration character_nchar -> org.hibernate.type.BasicTypeReference@3dbd7107
2025-03-31T21:36:46.998-04:00 DEBUG 28380 --- [ehotel] [           main] org.hibernate.type.BasicTypeRegistry     : Adding type registration string -> org.hibernate.type.BasicTypeReference@4a6c0f38
2025-03-31T21:36:46.998-04:00 DEBUG 28380 --- [ehotel] [           main] org.hibernate.type.BasicTypeRegistry     : Adding type registration java.lang.String -> org.hibernate.type.BasicTypeReference@4a6c0f38
2025-03-31T21:36:46.998-04:00 DEBUG 28380 --- [ehotel] [           main] org.hibernate.type.BasicTypeRegistry     : Adding type registration nstring -> org.hibernate.type.BasicTypeReference@5f8a02cf
2025-03-31T21:36:46.998-04:00 DEBUG 28380 --- [ehotel] [           main] org.hibernate.type.BasicTypeRegistry     : Adding type registration characters -> org.hibernate.type.BasicTypeReference@26d5a317
2025-03-31T21:36:46.998-04:00 DEBUG 28380 --- [ehotel] [           main] org.hibernate.type.BasicTypeRegistry     : Adding type registration char[] -> org.hibernate.type.BasicTypeReference@26d5a317
2025-03-31T21:36:46.998-04:00 DEBUG 28380 --- [ehotel] [           main] org.hibernate.type.BasicTypeRegistry     : Adding type registration [C -> org.hibernate.type.BasicTypeReference@26d5a317
2025-03-31T21:36:46.999-04:00 DEBUG 28380 --- [ehotel] [           main] org.hibernate.type.BasicTypeRegistry     : Adding type registration wrapper-characters -> org.hibernate.type.BasicTypeReference@70b6db83
2025-03-31T21:36:46.999-04:00 DEBUG 28380 --- [ehotel] [           main] org.hibernate.type.BasicTypeRegistry     : Adding type registration text -> org.hibernate.type.BasicTypeReference@5a090f62
2025-03-31T21:36:46.999-04:00 DEBUG 28380 --- [ehotel] [           main] org.hibernate.type.BasicTypeRegistry     : Adding type registration ntext -> org.hibernate.type.BasicTypeReference@559af296
2025-03-31T21:36:46.999-04:00 DEBUG 28380 --- [ehotel] [           main] org.hibernate.type.BasicTypeRegistry     : Adding type registration clob -> org.hibernate.type.BasicTypeReference@5edc3e29
2025-03-31T21:36:46.999-04:00 DEBUG 28380 --- [ehotel] [           main] org.hibernate.type.BasicTypeRegistry     : Adding type registration java.sql.Clob -> org.hibernate.type.BasicTypeReference@5edc3e29
2025-03-31T21:36:46.999-04:00 DEBUG 28380 --- [ehotel] [           main] org.hibernate.type.BasicTypeRegistry     : Adding type registration nclob -> org.hibernate.type.BasicTypeReference@18709cb2
2025-03-31T21:36:46.999-04:00 DEBUG 28380 --- [ehotel] [           main] org.hibernate.type.BasicTypeRegistry     : Adding type registration java.sql.NClob -> org.hibernate.type.BasicTypeReference@18709cb2
2025-03-31T21:36:46.999-04:00 DEBUG 28380 --- [ehotel] [           main] org.hibernate.type.BasicTypeRegistry     : Adding type registration materialized_clob -> org.hibernate.type.BasicTypeReference@a90e2c1
2025-03-31T21:36:46.999-04:00 DEBUG 28380 --- [ehotel] [           main] org.hibernate.type.BasicTypeRegistry     : Adding type registration materialized_clob_char_array -> org.hibernate.type.BasicTypeReference@89caf47
2025-03-31T21:36:46.999-04:00 DEBUG 28380 --- [ehotel] [           main] org.hibernate.type.BasicTypeRegistry     : Adding type registration materialized_clob_character_array -> org.hibernate.type.BasicTypeReference@370ef50b
2025-03-31T21:36:46.999-04:00 DEBUG 28380 --- [ehotel] [           main] org.hibernate.type.BasicTypeRegistry     : Adding type registration materialized_nclob -> org.hibernate.type.BasicTypeReference@2b877a54
2025-03-31T21:36:46.999-04:00 DEBUG 28380 --- [ehotel] [           main] org.hibernate.type.BasicTypeRegistry     : Adding type registration materialized_nclob_character_array -> org.hibernate.type.BasicTypeReference@268c030f
2025-03-31T21:36:46.999-04:00 DEBUG 28380 --- [ehotel] [           main] org.hibernate.type.BasicTypeRegistry     : Adding type registration materialized_nclob_char_array -> org.hibernate.type.BasicTypeReference@4b87760e
2025-03-31T21:36:46.999-04:00 DEBUG 28380 --- [ehotel] [           main] org.hibernate.type.BasicTypeRegistry     : Adding type registration Duration -> org.hibernate.type.BasicTypeReference@be164d8
2025-03-31T21:36:46.999-04:00 DEBUG 28380 --- [ehotel] [           main] org.hibernate.type.BasicTypeRegistry     : Adding type registration java.time.Duration -> org.hibernate.type.BasicTypeReference@be164d8
2025-03-31T21:36:47.000-04:00 DEBUG 28380 --- [ehotel] [           main] org.hibernate.type.BasicTypeRegistry     : Adding type registration LocalDateTime -> org.hibernate.type.BasicTypeReference@1b24ea2a
2025-03-31T21:36:47.000-04:00 DEBUG 28380 --- [ehotel] [           main] org.hibernate.type.BasicTypeRegistry     : Adding type registration java.time.LocalDateTime -> org.hibernate.type.BasicTypeReference@1b24ea2a
2025-03-31T21:36:47.000-04:00 DEBUG 28380 --- [ehotel] [           main] org.hibernate.type.BasicTypeRegistry     : Adding type registration LocalDate -> org.hibernate.type.BasicTypeReference@5df6163a
2025-03-31T21:36:47.000-04:00 DEBUG 28380 --- [ehotel] [           main] org.hibernate.type.BasicTypeRegistry     : Adding type registration java.time.LocalDate -> org.hibernate.type.BasicTypeReference@5df6163a
2025-03-31T21:36:47.000-04:00 DEBUG 28380 --- [ehotel] [           main] org.hibernate.type.BasicTypeRegistry     : Adding type registration LocalTime -> org.hibernate.type.BasicTypeReference@2d313c8c
2025-03-31T21:36:47.000-04:00 DEBUG 28380 --- [ehotel] [           main] org.hibernate.type.BasicTypeRegistry     : Adding type registration java.time.LocalTime -> org.hibernate.type.BasicTypeReference@2d313c8c
2025-03-31T21:36:47.000-04:00 DEBUG 28380 --- [ehotel] [           main] org.hibernate.type.BasicTypeRegistry     : Adding type registration OffsetDateTime -> org.hibernate.type.BasicTypeReference@2df65a56
2025-03-31T21:36:47.000-04:00 DEBUG 28380 --- [ehotel] [           main] org.hibernate.type.BasicTypeRegistry     : Adding type registration java.time.OffsetDateTime -> org.hibernate.type.BasicTypeReference@2df65a56
2025-03-31T21:36:47.000-04:00 DEBUG 28380 --- [ehotel] [           main] org.hibernate.type.BasicTypeRegistry     : Adding type registration OffsetDateTimeWithTimezone -> org.hibernate.type.BasicTypeReference@113f9078
2025-03-31T21:36:47.000-04:00 DEBUG 28380 --- [ehotel] [           main] org.hibernate.type.BasicTypeRegistry     : Adding type registration OffsetDateTimeWithoutTimezone -> org.hibernate.type.BasicTypeReference@7c1503a3
2025-03-31T21:36:47.000-04:00 DEBUG 28380 --- [ehotel] [           main] org.hibernate.type.BasicTypeRegistry     : Adding type registration OffsetTime -> org.hibernate.type.BasicTypeReference@586495f1
2025-03-31T21:36:47.000-04:00 DEBUG 28380 --- [ehotel] [           main] org.hibernate.type.BasicTypeRegistry     : Adding type registration java.time.OffsetTime -> org.hibernate.type.BasicTypeReference@586495f1
2025-03-31T21:36:47.000-04:00 DEBUG 28380 --- [ehotel] [           main] org.hibernate.type.BasicTypeRegistry     : Adding type registration OffsetTimeUtc -> org.hibernate.type.BasicTypeReference@47df5041
2025-03-31T21:36:47.000-04:00 DEBUG 28380 --- [ehotel] [           main] org.hibernate.type.BasicTypeRegistry     : Adding type registration OffsetTimeWithTimezone -> org.hibernate.type.BasicTypeReference@2a0ea492
2025-03-31T21:36:47.000-04:00 DEBUG 28380 --- [ehotel] [           main] org.hibernate.type.BasicTypeRegistry     : Adding type registration OffsetTimeWithoutTimezone -> org.hibernate.type.BasicTypeReference@7e52a26b
2025-03-31T21:36:47.000-04:00 DEBUG 28380 --- [ehotel] [           main] org.hibernate.type.BasicTypeRegistry     : Adding type registration ZonedDateTime -> org.hibernate.type.BasicTypeReference@2e56b4d
2025-03-31T21:36:47.000-04:00 DEBUG 28380 --- [ehotel] [           main] org.hibernate.type.BasicTypeRegistry     : Adding type registration java.time.ZonedDateTime -> org.hibernate.type.BasicTypeReference@2e56b4d
2025-03-31T21:36:47.000-04:00 DEBUG 28380 --- [ehotel] [           main] org.hibernate.type.BasicTypeRegistry     : Adding type registration ZonedDateTimeWithTimezone -> org.hibernate.type.BasicTypeReference@3f857e08
2025-03-31T21:36:47.000-04:00 DEBUG 28380 --- [ehotel] [           main] org.hibernate.type.BasicTypeRegistry     : Adding type registration ZonedDateTimeWithoutTimezone -> org.hibernate.type.BasicTypeReference@6070775e
2025-03-31T21:36:47.000-04:00 DEBUG 28380 --- [ehotel] [           main] org.hibernate.type.BasicTypeRegistry     : Adding type registration date -> org.hibernate.type.BasicTypeReference@b5ac0c1
2025-03-31T21:36:47.001-04:00 DEBUG 28380 --- [ehotel] [           main] org.hibernate.type.BasicTypeRegistry     : Adding type registration java.sql.Date -> org.hibernate.type.BasicTypeReference@b5ac0c1
2025-03-31T21:36:47.001-04:00 DEBUG 28380 --- [ehotel] [           main] org.hibernate.type.BasicTypeRegistry     : Adding type registration time -> org.hibernate.type.BasicTypeReference@224c7de4
2025-03-31T21:36:47.001-04:00 DEBUG 28380 --- [ehotel] [           main] org.hibernate.type.BasicTypeRegistry     : Adding type registration java.sql.Time -> org.hibernate.type.BasicTypeReference@224c7de4
2025-03-31T21:36:47.001-04:00 DEBUG 28380 --- [ehotel] [           main] org.hibernate.type.BasicTypeRegistry     : Adding type registration timestamp -> org.hibernate.type.BasicTypeReference@36ad229b
2025-03-31T21:36:47.001-04:00 DEBUG 28380 --- [ehotel] [           main] org.hibernate.type.BasicTypeRegistry     : Adding type registration java.sql.Timestamp -> org.hibernate.type.BasicTypeReference@36ad229b
2025-03-31T21:36:47.001-04:00 DEBUG 28380 --- [ehotel] [           main] org.hibernate.type.BasicTypeRegistry     : Adding type registration java.util.Date -> org.hibernate.type.BasicTypeReference@36ad229b
2025-03-31T21:36:47.001-04:00 DEBUG 28380 --- [ehotel] [           main] org.hibernate.type.BasicTypeRegistry     : Adding type registration calendar -> org.hibernate.type.BasicTypeReference@55846997
2025-03-31T21:36:47.001-04:00 DEBUG 28380 --- [ehotel] [           main] org.hibernate.type.BasicTypeRegistry     : Adding type registration java.util.Calendar -> org.hibernate.type.BasicTypeReference@55846997
2025-03-31T21:36:47.001-04:00 DEBUG 28380 --- [ehotel] [           main] org.hibernate.type.BasicTypeRegistry     : Adding type registration java.util.GregorianCalendar -> org.hibernate.type.BasicTypeReference@55846997
2025-03-31T21:36:47.001-04:00 DEBUG 28380 --- [ehotel] [           main] org.hibernate.type.BasicTypeRegistry     : Adding type registration calendar_date -> org.hibernate.type.BasicTypeReference@805e72e
2025-03-31T21:36:47.001-04:00 DEBUG 28380 --- [ehotel] [           main] org.hibernate.type.BasicTypeRegistry     : Adding type registration calendar_time -> org.hibernate.type.BasicTypeReference@49671897
2025-03-31T21:36:47.001-04:00 DEBUG 28380 --- [ehotel] [           main] org.hibernate.type.BasicTypeRegistry     : Adding type registration instant -> org.hibernate.type.BasicTypeReference@168142da
2025-03-31T21:36:47.001-04:00 DEBUG 28380 --- [ehotel] [           main] org.hibernate.type.BasicTypeRegistry     : Adding type registration java.time.Instant -> org.hibernate.type.BasicTypeReference@168142da
2025-03-31T21:36:47.001-04:00 DEBUG 28380 --- [ehotel] [           main] org.hibernate.type.BasicTypeRegistry     : Adding type registration uuid -> org.hibernate.type.BasicTypeReference@60bf494c
2025-03-31T21:36:47.001-04:00 DEBUG 28380 --- [ehotel] [           main] org.hibernate.type.BasicTypeRegistry     : Adding type registration java.util.UUID -> org.hibernate.type.BasicTypeReference@60bf494c
2025-03-31T21:36:47.001-04:00 DEBUG 28380 --- [ehotel] [           main] org.hibernate.type.BasicTypeRegistry     : Adding type registration pg-uuid -> org.hibernate.type.BasicTypeReference@60bf494c
2025-03-31T21:36:47.001-04:00 DEBUG 28380 --- [ehotel] [           main] org.hibernate.type.BasicTypeRegistry     : Adding type registration uuid-binary -> org.hibernate.type.BasicTypeReference@47a4eee2
2025-03-31T21:36:47.001-04:00 DEBUG 28380 --- [ehotel] [           main] org.hibernate.type.BasicTypeRegistry     : Adding type registration uuid-char -> org.hibernate.type.BasicTypeReference@36f6e521
2025-03-31T21:36:47.001-04:00 DEBUG 28380 --- [ehotel] [           main] org.hibernate.type.BasicTypeRegistry     : Adding type registration class -> org.hibernate.type.BasicTypeReference@2afdf6b7
2025-03-31T21:36:47.001-04:00 DEBUG 28380 --- [ehotel] [           main] org.hibernate.type.BasicTypeRegistry     : Adding type registration java.lang.Class -> org.hibernate.type.BasicTypeReference@2afdf6b7
2025-03-31T21:36:47.001-04:00 DEBUG 28380 --- [ehotel] [           main] org.hibernate.type.BasicTypeRegistry     : Adding type registration currency -> org.hibernate.type.BasicTypeReference@30922f8d
2025-03-31T21:36:47.002-04:00 DEBUG 28380 --- [ehotel] [           main] org.hibernate.type.BasicTypeRegistry     : Adding type registration Currency -> org.hibernate.type.BasicTypeReference@30922f8d
2025-03-31T21:36:47.002-04:00 DEBUG 28380 --- [ehotel] [           main] org.hibernate.type.BasicTypeRegistry     : Adding type registration java.util.Currency -> org.hibernate.type.BasicTypeReference@30922f8d
2025-03-31T21:36:47.002-04:00 DEBUG 28380 --- [ehotel] [           main] org.hibernate.type.BasicTypeRegistry     : Adding type registration locale -> org.hibernate.type.BasicTypeReference@51ff3c4b
2025-03-31T21:36:47.002-04:00 DEBUG 28380 --- [ehotel] [           main] org.hibernate.type.BasicTypeRegistry     : Adding type registration java.util.Locale -> org.hibernate.type.BasicTypeReference@51ff3c4b
2025-03-31T21:36:47.002-04:00 DEBUG 28380 --- [ehotel] [           main] org.hibernate.type.BasicTypeRegistry     : Adding type registration serializable -> org.hibernate.type.BasicTypeReference@1472208d
2025-03-31T21:36:47.002-04:00 DEBUG 28380 --- [ehotel] [           main] org.hibernate.type.BasicTypeRegistry     : Adding type registration java.io.Serializable -> org.hibernate.type.BasicTypeReference@1472208d
2025-03-31T21:36:47.002-04:00 DEBUG 28380 --- [ehotel] [           main] org.hibernate.type.BasicTypeRegistry     : Adding type registration timezone -> org.hibernate.type.BasicTypeReference@35bd8bc9
2025-03-31T21:36:47.002-04:00 DEBUG 28380 --- [ehotel] [           main] org.hibernate.type.BasicTypeRegistry     : Adding type registration java.util.TimeZone -> org.hibernate.type.BasicTypeReference@35bd8bc9
2025-03-31T21:36:47.002-04:00 DEBUG 28380 --- [ehotel] [           main] org.hibernate.type.BasicTypeRegistry     : Adding type registration ZoneOffset -> org.hibernate.type.BasicTypeReference@6de004f1
2025-03-31T21:36:47.002-04:00 DEBUG 28380 --- [ehotel] [           main] org.hibernate.type.BasicTypeRegistry     : Adding type registration java.time.ZoneOffset -> org.hibernate.type.BasicTypeReference@6de004f1
2025-03-31T21:36:47.002-04:00 DEBUG 28380 --- [ehotel] [           main] org.hibernate.type.BasicTypeRegistry     : Adding type registration url -> org.hibernate.type.BasicTypeReference@45d56062
2025-03-31T21:36:47.002-04:00 DEBUG 28380 --- [ehotel] [           main] org.hibernate.type.BasicTypeRegistry     : Adding type registration java.net.URL -> org.hibernate.type.BasicTypeReference@45d56062
2025-03-31T21:36:47.002-04:00 DEBUG 28380 --- [ehotel] [           main] org.hibernate.type.BasicTypeRegistry     : Adding type registration vector -> org.hibernate.type.BasicTypeReference@4026461d
2025-03-31T21:36:47.003-04:00 DEBUG 28380 --- [ehotel] [           main] org.hibernate.type.BasicTypeRegistry     : Adding type registration float_vector -> org.hibernate.type.BasicTypeReference@191c6e13
2025-03-31T21:36:47.003-04:00 DEBUG 28380 --- [ehotel] [           main] org.hibernate.type.BasicTypeRegistry     : Adding type registration double_vector -> org.hibernate.type.BasicTypeReference@7436364d
2025-03-31T21:36:47.003-04:00 DEBUG 28380 --- [ehotel] [           main] org.hibernate.type.BasicTypeRegistry     : Adding type registration byte_vector -> org.hibernate.type.BasicTypeReference@1a8e9ed9
2025-03-31T21:36:47.003-04:00 DEBUG 28380 --- [ehotel] [           main] org.hibernate.type.BasicTypeRegistry     : Adding type registration row_version -> org.hibernate.type.BasicTypeReference@68ea253b
2025-03-31T21:36:47.007-04:00 DEBUG 28380 --- [ehotel] [           main] org.hibernate.type.BasicTypeRegistry     : Adding type registration object -> org.hibernate.type.JavaObjectType@5d9618f2
2025-03-31T21:36:47.007-04:00 DEBUG 28380 --- [ehotel] [           main] org.hibernate.type.BasicTypeRegistry     : Adding type registration java.lang.Object -> org.hibernate.type.JavaObjectType@5d9618f2
2025-03-31T21:36:47.009-04:00 DEBUG 28380 --- [ehotel] [           main] org.hibernate.type.BasicTypeRegistry     : Adding type registration null -> org.hibernate.type.NullType@491f8831
2025-03-31T21:36:47.009-04:00 DEBUG 28380 --- [ehotel] [           main] org.hibernate.type.BasicTypeRegistry     : Adding type registration imm_date -> org.hibernate.type.BasicTypeReference@691541bc
2025-03-31T21:36:47.009-04:00 DEBUG 28380 --- [ehotel] [           main] org.hibernate.type.BasicTypeRegistry     : Adding type registration imm_time -> org.hibernate.type.BasicTypeReference@5b733ef7
2025-03-31T21:36:47.009-04:00 DEBUG 28380 --- [ehotel] [           main] org.hibernate.type.BasicTypeRegistry     : Adding type registration imm_timestamp -> org.hibernate.type.BasicTypeReference@43a4a9e5
2025-03-31T21:36:47.009-04:00 DEBUG 28380 --- [ehotel] [           main] org.hibernate.type.BasicTypeRegistry     : Adding type registration imm_calendar -> org.hibernate.type.BasicTypeReference@764fffa0
2025-03-31T21:36:47.009-04:00 DEBUG 28380 --- [ehotel] [           main] org.hibernate.type.BasicTypeRegistry     : Adding type registration imm_calendar_date -> org.hibernate.type.BasicTypeReference@35145874
2025-03-31T21:36:47.009-04:00 DEBUG 28380 --- [ehotel] [           main] org.hibernate.type.BasicTypeRegistry     : Adding type registration imm_calendar_time -> org.hibernate.type.BasicTypeReference@77524ca7
2025-03-31T21:36:47.009-04:00 DEBUG 28380 --- [ehotel] [           main] org.hibernate.type.BasicTypeRegistry     : Adding type registration imm_binary -> org.hibernate.type.BasicTypeReference@11df2829
2025-03-31T21:36:47.009-04:00 DEBUG 28380 --- [ehotel] [           main] org.hibernate.type.BasicTypeRegistry     : Adding type registration imm_serializable -> org.hibernate.type.BasicTypeReference@18e4674d
2025-03-31T21:36:47.013-04:00 DEBUG 28380 --- [ehotel] [           main] o.h.boot.internal.BootstrapContextImpl   : Injecting JPA temp ClassLoader [org.springframework.instrument.classloading.SimpleThrowawayClassLoader@361cd35c] into BootstrapContext; was [null]
2025-03-31T21:36:47.014-04:00 DEBUG 28380 --- [ehotel] [           main] o.h.boot.internal.ClassLoaderAccessImpl  : ClassLoaderAccessImpl#injectTempClassLoader(org.springframework.instrument.classloading.SimpleThrowawayClassLoader@361cd35c) [was null]
2025-03-31T21:36:47.014-04:00 DEBUG 28380 --- [ehotel] [           main] o.h.boot.internal.BootstrapContextImpl   : Injecting ScanEnvironment [org.hibernate.jpa.boot.internal.StandardJpaScanEnvironmentImpl@58aa1d72] into BootstrapContext; was [null]
2025-03-31T21:36:47.014-04:00 DEBUG 28380 --- [ehotel] [           main] o.h.boot.internal.BootstrapContextImpl   : Injecting ScanOptions [org.hibernate.boot.archive.scan.internal.StandardScanOptions@33d7765a] into BootstrapContext; was [org.hibernate.boot.archive.scan.internal.StandardScanOptions@69ed5ea2]
2025-03-31T21:36:47.252-04:00  INFO 28380 --- [ehotel] [           main] o.s.o.j.p.SpringPersistenceUnitInfo      : No LoadTimeWeaver setup: ignoring JPA class transformer
2025-03-31T21:36:47.252-04:00 DEBUG 28380 --- [ehotel] [           main] o.h.boot.internal.BootstrapContextImpl   : Injecting JPA temp ClassLoader [null] into BootstrapContext; was [org.springframework.instrument.classloading.SimpleThrowawayClassLoader@361cd35c]
2025-03-31T21:36:47.252-04:00 DEBUG 28380 --- [ehotel] [           main] o.h.boot.internal.ClassLoaderAccessImpl  : ClassLoaderAccessImpl#injectTempClassLoader(null) [was org.springframework.instrument.classloading.SimpleThrowawayClassLoader@361cd35c]
2025-03-31T21:36:47.294-04:00 DEBUG 28380 --- [ehotel] [           main] com.zaxxer.hikari.HikariConfig           : HikariPool-1 - configuration:
2025-03-31T21:36:47.298-04:00 DEBUG 28380 --- [ehotel] [           main] com.zaxxer.hikari.HikariConfig           : allowPoolSuspension.............false
2025-03-31T21:36:47.298-04:00 DEBUG 28380 --- [ehotel] [           main] com.zaxxer.hikari.HikariConfig           : autoCommit......................true
2025-03-31T21:36:47.298-04:00 DEBUG 28380 --- [ehotel] [           main] com.zaxxer.hikari.HikariConfig           : catalog.........................none
2025-03-31T21:36:47.298-04:00 DEBUG 28380 --- [ehotel] [           main] com.zaxxer.hikari.HikariConfig           : connectionInitSql...............none
2025-03-31T21:36:47.298-04:00 DEBUG 28380 --- [ehotel] [           main] com.zaxxer.hikari.HikariConfig           : connectionTestQuery.............none
2025-03-31T21:36:47.298-04:00 DEBUG 28380 --- [ehotel] [           main] com.zaxxer.hikari.HikariConfig           : connectionTimeout...............30000
2025-03-31T21:36:47.298-04:00 DEBUG 28380 --- [ehotel] [           main] com.zaxxer.hikari.HikariConfig           : dataSource......................none
2025-03-31T21:36:47.298-04:00 DEBUG 28380 --- [ehotel] [           main] com.zaxxer.hikari.HikariConfig           : dataSourceClassName.............none
2025-03-31T21:36:47.298-04:00 DEBUG 28380 --- [ehotel] [           main] com.zaxxer.hikari.HikariConfig           : dataSourceJNDI..................none
2025-03-31T21:36:47.300-04:00 DEBUG 28380 --- [ehotel] [           main] com.zaxxer.hikari.HikariConfig           : dataSourceProperties............{password=<masked>}
2025-03-31T21:36:47.300-04:00 DEBUG 28380 --- [ehotel] [           main] com.zaxxer.hikari.HikariConfig           : driverClassName................."org.postgresql.Driver"
2025-03-31T21:36:47.300-04:00 DEBUG 28380 --- [ehotel] [           main] com.zaxxer.hikari.HikariConfig           : exceptionOverrideClassName......none
2025-03-31T21:36:47.300-04:00 DEBUG 28380 --- [ehotel] [           main] com.zaxxer.hikari.HikariConfig           : healthCheckProperties...........{}
2025-03-31T21:36:47.300-04:00 DEBUG 28380 --- [ehotel] [           main] com.zaxxer.hikari.HikariConfig           : healthCheckRegistry.............none
2025-03-31T21:36:47.300-04:00 DEBUG 28380 --- [ehotel] [           main] com.zaxxer.hikari.HikariConfig           : idleTimeout.....................600000
2025-03-31T21:36:47.300-04:00 DEBUG 28380 --- [ehotel] [           main] com.zaxxer.hikari.HikariConfig           : initializationFailTimeout.......1
2025-03-31T21:36:47.300-04:00 DEBUG 28380 --- [ehotel] [           main] com.zaxxer.hikari.HikariConfig           : isolateInternalQueries..........false
2025-03-31T21:36:47.300-04:00 DEBUG 28380 --- [ehotel] [           main] com.zaxxer.hikari.HikariConfig           : jdbcUrl.........................jdbc:postgresql://localhost:5432/postgres
2025-03-31T21:36:47.301-04:00 DEBUG 28380 --- [ehotel] [           main] com.zaxxer.hikari.HikariConfig           : keepaliveTime...................0
2025-03-31T21:36:47.301-04:00 DEBUG 28380 --- [ehotel] [           main] com.zaxxer.hikari.HikariConfig           : leakDetectionThreshold..........0
2025-03-31T21:36:47.301-04:00 DEBUG 28380 --- [ehotel] [           main] com.zaxxer.hikari.HikariConfig           : maxLifetime.....................1800000
2025-03-31T21:36:47.301-04:00 DEBUG 28380 --- [ehotel] [           main] com.zaxxer.hikari.HikariConfig           : maximumPoolSize.................10
2025-03-31T21:36:47.301-04:00 DEBUG 28380 --- [ehotel] [           main] com.zaxxer.hikari.HikariConfig           : metricRegistry..................none
2025-03-31T21:36:47.301-04:00 DEBUG 28380 --- [ehotel] [           main] com.zaxxer.hikari.HikariConfig           : metricsTrackerFactory...........none
2025-03-31T21:36:47.301-04:00 DEBUG 28380 --- [ehotel] [           main] com.zaxxer.hikari.HikariConfig           : minimumIdle.....................10
2025-03-31T21:36:47.301-04:00 DEBUG 28380 --- [ehotel] [           main] com.zaxxer.hikari.HikariConfig           : password........................<masked>
2025-03-31T21:36:47.301-04:00 DEBUG 28380 --- [ehotel] [           main] com.zaxxer.hikari.HikariConfig           : poolName........................"HikariPool-1"
2025-03-31T21:36:47.301-04:00 DEBUG 28380 --- [ehotel] [           main] com.zaxxer.hikari.HikariConfig           : readOnly........................false
2025-03-31T21:36:47.301-04:00 DEBUG 28380 --- [ehotel] [           main] com.zaxxer.hikari.HikariConfig           : registerMbeans..................false
2025-03-31T21:36:47.302-04:00 DEBUG 28380 --- [ehotel] [           main] com.zaxxer.hikari.HikariConfig           : scheduledExecutor...............none
2025-03-31T21:36:47.302-04:00 DEBUG 28380 --- [ehotel] [           main] com.zaxxer.hikari.HikariConfig           : schema..........................none
2025-03-31T21:36:47.302-04:00 DEBUG 28380 --- [ehotel] [           main] com.zaxxer.hikari.HikariConfig           : threadFactory...................internal
2025-03-31T21:36:47.302-04:00 DEBUG 28380 --- [ehotel] [           main] com.zaxxer.hikari.HikariConfig           : transactionIsolation............default
2025-03-31T21:36:47.302-04:00 DEBUG 28380 --- [ehotel] [           main] com.zaxxer.hikari.HikariConfig           : username........................"postgres"
2025-03-31T21:36:47.302-04:00 DEBUG 28380 --- [ehotel] [           main] com.zaxxer.hikari.HikariConfig           : validationTimeout...............5000
2025-03-31T21:36:47.302-04:00  INFO 28380 --- [ehotel] [           main] com.zaxxer.hikari.HikariDataSource       : HikariPool-1 - Starting...
2025-03-31T21:36:47.326-04:00 DEBUG 28380 --- [ehotel] [           main] org.postgresql.Driver                    : Loading driver configuration via classloader jdk.internal.loader.ClassLoaders$AppClassLoader@70dea4e
2025-03-31T21:36:47.328-04:00 DEBUG 28380 --- [ehotel] [           main] org.postgresql.Driver                    : Connecting with URL: jdbc:postgresql://localhost:5432/postgres
2025-03-31T21:36:47.346-04:00 DEBUG 28380 --- [ehotel] [           main] org.postgresql.jdbc.PgConnection         : PostgreSQL JDBC Driver 42.7.1
2025-03-31T21:36:47.347-04:00 DEBUG 28380 --- [ehotel] [           main] org.postgresql.jdbc.PgConnection         :   setDefaultFetchSize = 0
2025-03-31T21:36:47.347-04:00 DEBUG 28380 --- [ehotel] [           main] org.postgresql.jdbc.PgConnection         :   setPrepareThreshold = 5
2025-03-31T21:36:47.355-04:00 DEBUG 28380 --- [ehotel] [           main] o.p.core.v3.ConnectionFactoryImpl        : Trying to establish a protocol version 3 connection to localhost:5432
2025-03-31T21:36:47.376-04:00 DEBUG 28380 --- [ehotel] [           main] o.p.core.v3.ConnectionFactoryImpl        : Receive Buffer Size is 65,536
2025-03-31T21:36:47.377-04:00 DEBUG 28380 --- [ehotel] [           main] o.p.core.v3.ConnectionFactoryImpl        : Send Buffer Size is 65,536
2025-03-31T21:36:47.540-04:00  INFO 28380 --- [ehotel] [           main] com.zaxxer.hikari.pool.HikariPool        : HikariPool-1 - Added connection org.postgresql.jdbc.PgConnection@16b64a03
2025-03-31T21:36:47.542-04:00  INFO 28380 --- [ehotel] [           main] com.zaxxer.hikari.HikariDataSource       : HikariPool-1 - Start completed.
2025-03-31T21:36:47.557-04:00 DEBUG 28380 --- [ehotel] [           main] o.h.e.j.e.i.JdbcEnvironmentInitiator     : Database ->
	   name : PostgreSQL
	version : 17.2
	  major : 17
	  minor : 2
2025-03-31T21:36:47.557-04:00 DEBUG 28380 --- [ehotel] [           main] o.h.e.j.e.i.JdbcEnvironmentInitiator     : Driver ->
	   name : PostgreSQL JDBC Driver
	version : 42.7.1
	  major : 42
	  minor : 7
2025-03-31T21:36:47.558-04:00 DEBUG 28380 --- [ehotel] [           main] o.h.e.j.e.i.JdbcEnvironmentInitiator     : JDBC version : 4.2
2025-03-31T21:36:47.585-04:00  WARN 28380 --- [ehotel] [           main] org.hibernate.orm.deprecation            : HHH90000025: PostgreSQLDialect does not need to be specified explicitly using 'hibernate.dialect' (remove the property setting and it will be selected by default)
2025-03-31T21:36:47.587-04:00 DEBUG 28380 --- [ehotel] [           main] org.hibernate.orm.dialect                : HHH035001: Using dialect: org.hibernate.dialect.PostgreSQLDialect, version: 17.2
2025-03-31T21:36:47.590-04:00 DEBUG 28380 --- [ehotel] [           main] o.h.e.j.env.spi.IdentifierHelperBuilder  : JDBC driver metadata reported database stores quoted identifiers in neither upper, lower nor mixed case
2025-03-31T21:36:47.600-04:00 DEBUG 28380 --- [ehotel] [           main] org.hibernate.orm.jdbc.lob               : HHH10010004: Disabling contextual LOB creation as Dialect reported it is not supported
2025-03-31T21:36:47.607-04:00  INFO 28380 --- [ehotel] [           main] org.hibernate.orm.connections.pooling    : HHH10001005: Database info:
	Database JDBC URL [Connecting through datasource 'HikariDataSource (HikariPool-1)']
	Database driver: undefined/unknown
	Database version: 17.2
	Autocommit mode: undefined/unknown
	Isolation level: undefined/unknown
	Minimum pool size: undefined/unknown
	Maximum pool size: undefined/unknown
2025-03-31T21:36:47.615-04:00 DEBUG 28380 --- [ehotel] [           main] o.h.t.d.sql.spi.DdlTypeRegistry          : addDescriptor(2003, org.hibernate.type.descriptor.sql.internal.ArrayDdlTypeImpl@3c07e830) replaced previous registration(org.hibernate.type.descriptor.sql.internal.ArrayDdlTypeImpl@34beadce)
2025-03-31T21:36:47.615-04:00 DEBUG 28380 --- [ehotel] [           main] o.h.t.d.sql.spi.DdlTypeRegistry          : addDescriptor(6, org.hibernate.type.descriptor.sql.internal.CapacityDependentDdlType@382d549a) replaced previous registration(org.hibernate.type.descriptor.sql.internal.DdlTypeImpl@2eb6d34a)
2025-03-31T21:36:47.618-04:00 DEBUG 28380 --- [ehotel] [           main] o.h.t.d.jdbc.spi.JdbcTypeRegistry        : addDescriptor(2004, BlobTypeDescriptor(BLOB_BINDING)) replaced previous registration(BlobTypeDescriptor(DEFAULT))
2025-03-31T21:36:47.618-04:00 DEBUG 28380 --- [ehotel] [           main] o.h.t.d.jdbc.spi.JdbcTypeRegistry        : addDescriptor(2005, ClobTypeDescriptor(CLOB_BINDING)) replaced previous registration(ClobTypeDescriptor(DEFAULT))
2025-03-31T21:36:47.625-04:00 DEBUG 28380 --- [ehotel] [           main] org.hibernate.type.BasicTypeRegistry     : Adding type registration JAVA_OBJECT -> org.hibernate.type.JavaObjectType@7254838
2025-03-31T21:36:47.625-04:00 DEBUG 28380 --- [ehotel] [           main] org.hibernate.type.BasicTypeRegistry     : Adding type registration java.lang.Object -> org.hibernate.type.JavaObjectType@7254838
2025-03-31T21:36:47.625-04:00 DEBUG 28380 --- [ehotel] [           main] org.hibernate.type.BasicTypeRegistry     : Type registration key [java.lang.Object] overrode previous entry : `org.hibernate.type.JavaObjectType@5d9618f2`
2025-03-31T21:36:47.629-04:00 DEBUG 28380 --- [ehotel] [           main] org.hibernate.type.BasicTypeRegistry     : Adding type registration org.hibernate.type.DurationType -> basicType@1(java.time.Duration,3015)
2025-03-31T21:36:47.629-04:00 DEBUG 28380 --- [ehotel] [           main] org.hibernate.type.BasicTypeRegistry     : Adding type registration Duration -> basicType@1(java.time.Duration,3015)
2025-03-31T21:36:47.629-04:00 DEBUG 28380 --- [ehotel] [           main] org.hibernate.type.BasicTypeRegistry     : Adding type registration java.time.Duration -> basicType@1(java.time.Duration,3015)
2025-03-31T21:36:47.631-04:00 DEBUG 28380 --- [ehotel] [           main] org.hibernate.type.BasicTypeRegistry     : Adding type registration org.hibernate.type.OffsetDateTimeType -> basicType@2(java.time.OffsetDateTime,3003)
2025-03-31T21:36:47.632-04:00 DEBUG 28380 --- [ehotel] [           main] org.hibernate.type.BasicTypeRegistry     : Adding type registration OffsetDateTime -> basicType@2(java.time.OffsetDateTime,3003)
2025-03-31T21:36:47.632-04:00 DEBUG 28380 --- [ehotel] [           main] org.hibernate.type.BasicTypeRegistry     : Adding type registration java.time.OffsetDateTime -> basicType@2(java.time.OffsetDateTime,3003)
2025-03-31T21:36:47.632-04:00 DEBUG 28380 --- [ehotel] [           main] org.hibernate.type.BasicTypeRegistry     : Adding type registration org.hibernate.type.ZonedDateTimeType -> basicType@3(java.time.ZonedDateTime,3003)
2025-03-31T21:36:47.632-04:00 DEBUG 28380 --- [ehotel] [           main] org.hibernate.type.BasicTypeRegistry     : Adding type registration ZonedDateTime -> basicType@3(java.time.ZonedDateTime,3003)
2025-03-31T21:36:47.632-04:00 DEBUG 28380 --- [ehotel] [           main] org.hibernate.type.BasicTypeRegistry     : Adding type registration java.time.ZonedDateTime -> basicType@3(java.time.ZonedDateTime,3003)
2025-03-31T21:36:47.632-04:00 DEBUG 28380 --- [ehotel] [           main] org.hibernate.type.BasicTypeRegistry     : Adding type registration org.hibernate.type.OffsetTimeType -> basicType@4(java.time.OffsetTime,3007)
2025-03-31T21:36:47.632-04:00 DEBUG 28380 --- [ehotel] [           main] org.hibernate.type.BasicTypeRegistry     : Adding type registration OffsetTime -> basicType@4(java.time.OffsetTime,3007)
2025-03-31T21:36:47.632-04:00 DEBUG 28380 --- [ehotel] [           main] org.hibernate.type.BasicTypeRegistry     : Adding type registration java.time.OffsetTime -> basicType@4(java.time.OffsetTime,3007)
2025-03-31T21:36:47.633-04:00 DEBUG 28380 --- [ehotel] [           main] o.h.type.spi.TypeConfiguration$Scope     : Scoping TypeConfiguration [org.hibernate.type.spi.TypeConfiguration@4dd1d2bb] to MetadataBuildingContext [org.hibernate.boot.internal.MetadataBuildingContextRootImpl@47198524]
2025-03-31T21:36:47.642-04:00 DEBUG 28380 --- [ehotel] [l-1 housekeeper] com.zaxxer.hikari.pool.HikariPool        : HikariPool-1 - Pool stats (total=1, active=0, idle=1, waiting=0)
2025-03-31T21:36:47.642-04:00 DEBUG 28380 --- [ehotel] [onnection adder] org.postgresql.Driver                    : Connecting with URL: jdbc:postgresql://localhost:5432/postgres
2025-03-31T21:36:47.643-04:00 DEBUG 28380 --- [ehotel] [onnection adder] org.postgresql.jdbc.PgConnection         : PostgreSQL JDBC Driver 42.7.1
2025-03-31T21:36:47.643-04:00 DEBUG 28380 --- [ehotel] [onnection adder] org.postgresql.jdbc.PgConnection         :   setDefaultFetchSize = 0
2025-03-31T21:36:47.643-04:00 DEBUG 28380 --- [ehotel] [onnection adder] org.postgresql.jdbc.PgConnection         :   setPrepareThreshold = 5
2025-03-31T21:36:47.643-04:00 DEBUG 28380 --- [ehotel] [onnection adder] o.p.core.v3.ConnectionFactoryImpl        : Trying to establish a protocol version 3 connection to localhost:5432
2025-03-31T21:36:47.644-04:00 DEBUG 28380 --- [ehotel] [onnection adder] o.p.core.v3.ConnectionFactoryImpl        : Receive Buffer Size is 65,536
2025-03-31T21:36:47.644-04:00 DEBUG 28380 --- [ehotel] [onnection adder] o.p.core.v3.ConnectionFactoryImpl        : Send Buffer Size is 65,536
2025-03-31T21:36:47.660-04:00 DEBUG 28380 --- [ehotel] [           main] o.h.boot.model.relational.Namespace      : Created database namespace [logicalName=Name{catalog=null, schema=null}, physicalName=Name{catalog=null, schema=null}]
2025-03-31T21:36:47.675-04:00 DEBUG 28380 --- [ehotel] [onnection adder] com.zaxxer.hikari.pool.HikariPool        : HikariPool-1 - Added connection org.postgresql.jdbc.PgConnection@4ec4f181
2025-03-31T21:36:47.680-04:00 DEBUG 28380 --- [ehotel] [           main] o.h.boot.model.internal.EntityBinder     : Binding entity from annotated class: com.example.e_hotel.model.Booking
2025-03-31T21:36:47.686-04:00 DEBUG 28380 --- [ehotel] [           main] o.h.boot.model.internal.EntityBinder     : Import with entity name Booking
2025-03-31T21:36:47.691-04:00 DEBUG 28380 --- [ehotel] [           main] o.h.boot.model.internal.EntityBinder     : Bind entity com.example.e_hotel.model.Booking on table booking
2025-03-31T21:36:47.701-04:00 DEBUG 28380 --- [ehotel] [           main] o.h.boot.model.internal.AnnotatedColumn  : Binding column: AnnotatedDiscriminatorColumn(column='DTYPE')
2025-03-31T21:36:47.714-04:00 DEBUG 28380 --- [ehotel] [           main] o.h.boot.model.internal.AnnotatedColumn  : Binding column: AnnotatedColumn(column='bookingid')
2025-03-31T21:36:47.715-04:00 DEBUG 28380 --- [ehotel] [           main] o.h.boot.internal.ClassLoaderAccessImpl  : Not known whether passed class name [com.example.e_hotel.model.Booking] is safe
2025-03-31T21:36:47.715-04:00 DEBUG 28380 --- [ehotel] [           main] o.h.boot.internal.ClassLoaderAccessImpl  : No temp ClassLoader provided; using live ClassLoader for loading potentially unsafe class : com.example.e_hotel.model.Booking
2025-03-31T21:36:47.719-04:00 DEBUG 28380 --- [ehotel] [           main] o.h.boot.model.internal.PropertyBinder   : MetadataSourceProcessor property bookingId with lazy=false
2025-03-31T21:36:47.721-04:00 DEBUG 28380 --- [ehotel] [onnection adder] com.zaxxer.hikari.pool.HikariPool        : HikariPool-1 - After adding stats (total=2, active=0, idle=2, waiting=0)
2025-03-31T21:36:47.721-04:00 DEBUG 28380 --- [ehotel] [onnection adder] org.postgresql.Driver                    : Connecting with URL: jdbc:postgresql://localhost:5432/postgres
2025-03-31T21:36:47.721-04:00 DEBUG 28380 --- [ehotel] [onnection adder] org.postgresql.jdbc.PgConnection         : PostgreSQL JDBC Driver 42.7.1
2025-03-31T21:36:47.721-04:00 DEBUG 28380 --- [ehotel] [onnection adder] org.postgresql.jdbc.PgConnection         :   setDefaultFetchSize = 0
2025-03-31T21:36:47.721-04:00 DEBUG 28380 --- [ehotel] [onnection adder] org.postgresql.jdbc.PgConnection         :   setPrepareThreshold = 5
2025-03-31T21:36:47.721-04:00 DEBUG 28380 --- [ehotel] [onnection adder] o.p.core.v3.ConnectionFactoryImpl        : Trying to establish a protocol version 3 connection to localhost:5432
2025-03-31T21:36:47.722-04:00 DEBUG 28380 --- [ehotel] [onnection adder] o.p.core.v3.ConnectionFactoryImpl        : Receive Buffer Size is 65,536
2025-03-31T21:36:47.723-04:00 DEBUG 28380 --- [ehotel] [onnection adder] o.p.core.v3.ConnectionFactoryImpl        : Send Buffer Size is 65,536
2025-03-31T21:36:47.723-04:00 DEBUG 28380 --- [ehotel] [           main] o.h.b.m.internal.AbstractPropertyHolder  : Attempting to locate auto-apply AttributeConverter for property [com.example.e_hotel.model.Booking:bookingId]
2025-03-31T21:36:47.726-04:00 DEBUG 28380 --- [ehotel] [           main] o.h.b.model.internal.BasicValueBinder    : building BasicValue for bookingId
2025-03-31T21:36:47.729-04:00 DEBUG 28380 --- [ehotel] [           main] org.hibernate.mapping.BasicValue         : Skipping column re-registration: booking.bookingid
2025-03-31T21:36:47.730-04:00 DEBUG 28380 --- [ehotel] [           main] o.h.boot.model.internal.PropertyBinder   : Building property bookingId
2025-03-31T21:36:47.734-04:00 DEBUG 28380 --- [ehotel] [           main] o.h.boot.model.internal.BinderHelper     : #makeIdGenerator(BasicValue([Column(bookingid)]), bookingId, identity, , ...)
2025-03-31T21:36:47.735-04:00 DEBUG 28380 --- [ehotel] [           main] o.h.boot.model.internal.AnnotatedColumn  : Binding column: AnnotatedColumn(column='bookdate')
2025-03-31T21:36:47.735-04:00 DEBUG 28380 --- [ehotel] [           main] o.h.boot.model.internal.PropertyBinder   : MetadataSourceProcessor property bookDate with lazy=false
2025-03-31T21:36:47.735-04:00 DEBUG 28380 --- [ehotel] [           main] o.h.b.m.internal.AbstractPropertyHolder  : Attempting to locate auto-apply AttributeConverter for property [com.example.e_hotel.model.Booking:bookDate]
2025-03-31T21:36:47.735-04:00 DEBUG 28380 --- [ehotel] [           main] o.h.b.model.internal.BasicValueBinder    : building BasicValue for bookDate
2025-03-31T21:36:47.735-04:00 DEBUG 28380 --- [ehotel] [           main] org.hibernate.mapping.BasicValue         : Skipping column re-registration: booking.bookdate
2025-03-31T21:36:47.735-04:00 DEBUG 28380 --- [ehotel] [           main] o.h.boot.model.internal.PropertyBinder   : Building property bookDate
2025-03-31T21:36:47.735-04:00 DEBUG 28380 --- [ehotel] [           main] o.h.boot.model.internal.AnnotatedColumn  : Binding column: AnnotatedColumn(column='customerid')
2025-03-31T21:36:47.737-04:00 DEBUG 28380 --- [ehotel] [           main] o.h.boot.model.internal.PropertyBinder   : MetadataSourceProcessor property customerId with lazy=false
2025-03-31T21:36:47.737-04:00 DEBUG 28380 --- [ehotel] [           main] o.h.b.m.internal.AbstractPropertyHolder  : Attempting to locate auto-apply AttributeConverter for property [com.example.e_hotel.model.Booking:customerId]
2025-03-31T21:36:47.737-04:00 DEBUG 28380 --- [ehotel] [           main] o.h.b.model.internal.BasicValueBinder    : building BasicValue for customerId
2025-03-31T21:36:47.737-04:00 DEBUG 28380 --- [ehotel] [           main] org.hibernate.mapping.BasicValue         : Skipping column re-registration: booking.customerid
2025-03-31T21:36:47.737-04:00 DEBUG 28380 --- [ehotel] [           main] o.h.boot.model.internal.PropertyBinder   : Building property customerId
2025-03-31T21:36:47.737-04:00 DEBUG 28380 --- [ehotel] [           main] o.h.boot.model.internal.AnnotatedColumn  : Binding column: AnnotatedColumn(column='enddate')
[...]

   R2dbcAutoConfiguration:
      Did not match:
         - @ConditionalOnClass did not find required class 'io.r2dbc.spi.ConnectionFactory' (OnClassCondition)

   R2dbcDataAutoConfiguration:
      Did not match:
         - @ConditionalOnClass did not find required class 'org.springframework.data.r2dbc.core.R2dbcEntityTemplate' (OnClassCondition)

   R2dbcInitializationConfiguration:
      Did not match:
         - @ConditionalOnClass did not find required classes 'io.r2dbc.spi.ConnectionFactory', 'org.springframework.r2dbc.connection.init.DatabasePopulator' (OnClassCondition)

   R2dbcProxyAutoConfiguration:
      Did not match:
         - @ConditionalOnClass did not find required class 'io.r2dbc.proxy.ProxyConnectionFactory' (OnClassCondition)

   R2dbcRepositoriesAutoConfiguration:
      Did not match:
         - @ConditionalOnClass did not find required class 'io.r2dbc.spi.ConnectionFactory' (OnClassCondition)

   R2dbcTransactionManagerAutoConfiguration:
      Did not match:
         - @ConditionalOnClass did not find required class 'org.springframework.r2dbc.connection.R2dbcTransactionManager' (OnClassCondition)

   RSocketGraphQlClientAutoConfiguration:
      Did not match:
         - @ConditionalOnClass did not find required class 'graphql.GraphQL' (OnClassCondition)

   RSocketMessagingAutoConfiguration:
      Did not match:
         - @ConditionalOnClass did not find required class 'io.rsocket.RSocket' (OnClassCondition)

   RSocketRequesterAutoConfiguration:
      Did not match:
         - @ConditionalOnClass did not find required class 'io.rsocket.RSocket' (OnClassCondition)

   RSocketSecurityAutoConfiguration:
      Did not match:
         - @ConditionalOnClass did not find required class 'org.springframework.security.rsocket.core.SecuritySocketAcceptorInterceptor' (OnClassCondition)

   RSocketServerAutoConfiguration:
      Did not match:
         - @ConditionalOnClass did not find required class 'io.rsocket.core.RSocketServer' (OnClassCondition)

   RSocketStrategiesAutoConfiguration:
      Did not match:
         - @ConditionalOnClass did not find required class 'io.netty.buffer.PooledByteBufAllocator' (OnClassCondition)

   RabbitAutoConfiguration:
      Did not match:
         - @ConditionalOnClass did not find required class 'com.rabbitmq.client.Channel' (OnClassCondition)

   ReactiveElasticsearchClientAutoConfiguration:
      Did not match:
         - @ConditionalOnClass did not find required class 'co.elastic.clients.transport.ElasticsearchTransport' (OnClassCondition)

   ReactiveElasticsearchRepositoriesAutoConfiguration:
      Did not match:
         - @ConditionalOnClass did not find required class 'reactor.core.publisher.Mono' (OnClassCondition)

   ReactiveMultipartAutoConfiguration:
      Did not match:
         - @ConditionalOnClass did not find required class 'org.springframework.web.reactive.config.WebFluxConfigurer' (OnClassCondition)

   ReactiveOAuth2ClientAutoConfiguration:
      Did not match:
         - @ConditionalOnClass did not find required class 'reactor.core.publisher.Flux' (OnClassCondition)

   ReactiveOAuth2ResourceServerAutoConfiguration:
      Did not match:
         - @ConditionalOnClass did not find required class 'org.springframework.security.config.annotation.web.reactive.EnableWebFluxSecurity' (OnClassCondition)

   ReactiveSecurityAutoConfiguration:
      Did not match:
         - @ConditionalOnClass did not find required class 'reactor.core.publisher.Flux' (OnClassCondition)

   ReactiveUserDetailsServiceAutoConfiguration:
      Did not match:
         - @ConditionalOnClass did not find required class 'org.springframework.security.authentication.ReactiveAuthenticationManager' (OnClassCondition)

   ReactiveWebServerFactoryAutoConfiguration:
      Did not match:
         - @ConditionalOnWebApplication did not find reactive web application classes (OnWebApplicationCondition)

   ReactorAutoConfiguration:
      Did not match:
         - @ConditionalOnClass did not find required class 'reactor.core.publisher.Hooks' (OnClassCondition)

   RedisAutoConfiguration:
      Did not match:
         - @ConditionalOnClass did not find required class 'org.springframework.data.redis.core.RedisOperations' (OnClassCondition)

   RedisCacheConfiguration:
      Did not match:
         - @ConditionalOnClass did not find required class 'org.springframework.data.redis.connection.RedisConnectionFactory' (OnClassCondition)

   RedisReactiveAutoConfiguration:
      Did not match:
         - @ConditionalOnClass did not find required class 'reactor.core.publisher.Flux' (OnClassCondition)

   RedisRepositoriesAutoConfiguration:
      Did not match:
         - @ConditionalOnClass did not find required class 'org.springframework.data.redis.repository.configuration.EnableRedisRepositories' (OnClassCondition)

   RepositoryRestMvcAutoConfiguration:
      Did not match:
         - @ConditionalOnClass did not find required class 'org.springframework.data.rest.webmvc.config.RepositoryRestMvcConfiguration' (OnClassCondition)

   Saml2RelyingPartyAutoConfiguration:
      Did not match:
         - @ConditionalOnClass did not find required class 'org.springframework.security.saml2.provider.service.registration.RelyingPartyRegistrationRepository' (OnClassCondition)

   SecurityAutoConfiguration:
      Did not match:
         - @ConditionalOnClass did not find required class 'org.springframework.security.authentication.DefaultAuthenticationEventPublisher' (OnClassCondition)

   SecurityFilterAutoConfiguration:
      Did not match:
         - @ConditionalOnClass did not find required class 'org.springframework.security.config.http.SessionCreationPolicy' (OnClassCondition)

   SendGridAutoConfiguration:
      Did not match:
         - @ConditionalOnClass did not find required class 'com.sendgrid.SendGrid' (OnClassCondition)

   ServletWebServerFactoryAutoConfiguration.ForwardedHeaderFilterConfiguration:
      Did not match:
         - @ConditionalOnProperty (server.forward-headers-strategy=framework) did not find property 'server.forward-headers-strategy' (OnPropertyCondition)

   ServletWebServerFactoryConfiguration.EmbeddedJetty:
      Did not match:
         - @ConditionalOnClass did not find required classes 'org.eclipse.jetty.server.Server', 'org.eclipse.jetty.util.Loader', 'org.eclipse.jetty.ee10.webapp.WebAppContext' (OnClassCondition)

   ServletWebServerFactoryConfiguration.EmbeddedUndertow:
      Did not match:
         - @ConditionalOnClass did not find required classes 'io.undertow.Undertow', 'org.xnio.SslClientAuthMode' (OnClassCondition)

   SessionAutoConfiguration:
      Did not match:
         - @ConditionalOnClass did not find required class 'org.springframework.session.Session' (OnClassCondition)

   SpringApplicationAdminJmxAutoConfiguration:
      Did not match:
         - @ConditionalOnProperty (spring.application.admin.enabled=true) did not find property 'enabled' (OnPropertyCondition)

   TaskExecutorConfigurations.SimpleAsyncTaskExecutorBuilderConfiguration#simpleAsyncTaskExecutorBuilderVirtualThreads:
      Did not match:
         - @ConditionalOnMissingBean (types: org.springframework.boot.task.SimpleAsyncTaskExecutorBuilder; SearchStrategy: all) found beans of type 'org.springframework.boot.task.SimpleAsyncTaskExecutorBuilder' simpleAsyncTaskExecutorBuilder (OnBeanCondition)

   TaskExecutorConfigurations.TaskExecutorConfiguration#applicationTaskExecutorVirtualThreads:
      Did not match:
         - @ConditionalOnThreading did not find VIRTUAL (OnThreadingCondition)

   TaskSchedulingAutoConfiguration#scheduledBeanLazyInitializationExcludeFilter:
      Did not match:
         - @ConditionalOnBean (names: org.springframework.context.annotation.internalScheduledAnnotationProcessor; SearchStrategy: all) did not find any beans named org.springframework.context.annotation.internalScheduledAnnotationProcessor (OnBeanCondition)

   TaskSchedulingConfigurations.SimpleAsyncTaskSchedulerBuilderConfiguration#simpleAsyncTaskSchedulerBuilderVirtualThreads:
      Did not match:
         - @ConditionalOnMissingBean (types: org.springframework.boot.task.SimpleAsyncTaskSchedulerBuilder; SearchStrategy: all) found beans of type 'org.springframework.boot.task.SimpleAsyncTaskSchedulerBuilder' simpleAsyncTaskSchedulerBuilder (OnBeanCondition)

   TaskSchedulingConfigurations.TaskSchedulerConfiguration:
      Did not match:
         - @ConditionalOnBean (names: org.springframework.context.annotation.internalScheduledAnnotationProcessor; SearchStrategy: all) did not find any beans named org.springframework.context.annotation.internalScheduledAnnotationProcessor (OnBeanCondition)

   ThymeleafAutoConfiguration:
      Did not match:
         - @ConditionalOnClass did not find required class 'org.thymeleaf.spring6.SpringTemplateEngine' (OnClassCondition)

   TransactionAutoConfiguration#transactionalOperator:
      Did not match:
         - @ConditionalOnSingleCandidate (types: org.springframework.transaction.ReactiveTransactionManager; SearchStrategy: all) did not find any beans (OnBeanCondition)

   TransactionAutoConfiguration.AspectJTransactionManagementConfiguration:
      Did not match:
         - @ConditionalOnBean (types: org.springframework.transaction.aspectj.AbstractTransactionAspect; SearchStrategy: all) did not find any beans of type org.springframework.transaction.aspectj.AbstractTransactionAspect (OnBeanCondition)

   TransactionAutoConfiguration.EnableTransactionManagementConfiguration.JdkDynamicAutoProxyConfiguration:
      Did not match:
         - @ConditionalOnProperty (spring.aop.proxy-target-class=false) did not find property 'proxy-target-class' (OnPropertyCondition)

   UserDetailsServiceAutoConfiguration:
      Did not match:
         - @ConditionalOnClass did not find required class 'org.springframework.security.authentication.AuthenticationManager' (OnClassCondition)

   ValidationAutoConfiguration:
      Did not match:
         - @ConditionalOnClass did not find required class 'jakarta.validation.executable.ExecutableValidator' (OnClassCondition)

   WebClientAutoConfiguration:
      Did not match:
         - @ConditionalOnClass did not find required class 'org.springframework.web.reactive.function.client.WebClient' (OnClassCondition)

   WebFluxAutoConfiguration:
      Did not match:
         - @ConditionalOnClass did not find required class 'org.springframework.web.reactive.config.WebFluxConfigurer' (OnClassCondition)

   WebMvcAutoConfiguration#hiddenHttpMethodFilter:
      Did not match:
         - @ConditionalOnProperty (spring.mvc.hiddenmethod.filter.enabled) did not find property 'enabled' (OnPropertyCondition)

   WebMvcAutoConfiguration.ProblemDetailsErrorHandlingConfiguration:
      Did not match:
         - @ConditionalOnProperty (spring.mvc.problemdetails.enabled=true) did not find property 'enabled' (OnPropertyCondition)

   WebMvcAutoConfiguration.ResourceChainCustomizerConfiguration:
      Did not match:
         - @ConditionalOnEnabledResourceChain did not find class org.webjars.WebJarVersionLocator (OnEnabledResourceChainCondition)

   WebMvcAutoConfiguration.WebMvcAutoConfigurationAdapter#beanNameViewResolver:
      Did not match:
         - @ConditionalOnMissingBean (types: org.springframework.web.servlet.view.BeanNameViewResolver; SearchStrategy: all) found beans of type 'org.springframework.web.servlet.view.BeanNameViewResolver' beanNameViewResolver (OnBeanCondition)

   WebServiceTemplateAutoConfiguration:
      Did not match:
         - @ConditionalOnClass did not find required class 'org.springframework.oxm.Marshaller' (OnClassCondition)

   WebServicesAutoConfiguration:
      Did not match:
         - @ConditionalOnClass did not find required class 'org.springframework.ws.transport.http.MessageDispatcherServlet' (OnClassCondition)

   WebSessionIdResolverAutoConfiguration:
      Did not match:
         - @ConditionalOnClass did not find required class 'reactor.core.publisher.Mono' (OnClassCondition)

   WebSocketMessagingAutoConfiguration:
      Did not match:
         - @ConditionalOnClass did not find required class 'org.springframework.web.socket.config.annotation.WebSocketMessageBrokerConfigurer' (OnClassCondition)

   WebSocketReactiveAutoConfiguration:
      Did not match:
         - @ConditionalOnWebApplication did not find reactive web application classes (OnWebApplicationCondition)

   WebSocketServletAutoConfiguration.JettyWebSocketConfiguration:
      Did not match:
         - @ConditionalOnClass did not find required class 'org.eclipse.jetty.ee10.websocket.jakarta.server.config.JakartaWebSocketServletContainerInitializer' (OnClassCondition)

   WebSocketServletAutoConfiguration.UndertowWebSocketConfiguration:
      Did not match:
         - @ConditionalOnClass did not find required class 'io.undertow.websockets.jsr.Bootstrap' (OnClassCondition)

   XADataSourceAutoConfiguration:
      Did not match:
         - @ConditionalOnBean (types: org.springframework.boot.jdbc.XADataSourceWrapper; SearchStrategy: all) did not find any beans of type org.springframework.boot.jdbc.XADataSourceWrapper (OnBeanCondition)
      Matched:
         - @ConditionalOnClass found required classes 'javax.sql.DataSource', 'jakarta.transaction.TransactionManager', 'org.springframework.jdbc.datasource.embedded.EmbeddedDatabaseType' (OnClassCondition)


Exclusions:
-----------

    None


Unconditional classes:
----------------------

    org.springframework.boot.autoconfigure.context.ConfigurationPropertiesAutoConfiguration

    org.springframework.boot.autoconfigure.ssl.SslAutoConfiguration

    org.springframework.boot.autoconfigure.context.LifecycleAutoConfiguration

    org.springframework.boot.autoconfigure.context.PropertyPlaceholderAutoConfiguration

    org.springframework.boot.autoconfigure.availability.ApplicationAvailabilityAutoConfiguration

    org.springframework.boot.autoconfigure.info.ProjectInfoAutoConfiguration



2025-03-31T21:36:49.748-04:00  INFO 28380 --- [ehotel] [           main] c.e.e_hotel.EHotelApplicationTests       : Started EHotelApplicationTests in 4.686 seconds (process running for 5.49)
2025-03-31T21:36:49.750-04:00 DEBUG 28380 --- [ehotel] [           main] o.s.b.a.ApplicationAvailabilityBean      : Application availability state LivenessState changed to CORRECT
2025-03-31T21:36:49.755-04:00 DEBUG 28380 --- [ehotel] [           main] o.s.b.a.ApplicationAvailabilityBean      : Application availability state ReadinessState changed to ACCEPTING_TRAFFIC
2025-03-31T21:36:49.762-04:00 DEBUG 28380 --- [ehotel] [           main] org.springframework.test.context.cache   : Spring test ApplicationContext cache statistics: [DefaultContextCache@4b1ad751 size = 1, maxSize = 32, parentContextCount = 0, hitCount = 0, missCount = 1, failureCount = 0]
2025-03-31T21:36:49.763-04:00 DEBUG 28380 --- [ehotel] [           main] o.s.t.c.w.ServletTestExecutionListener   : Setting up MockHttpServletRequest, MockHttpServletResponse, ServletWebRequest, and RequestContextHolder for test class com.example.e_hotel.EHotelApplicationTests
2025-03-31T21:36:49.785-04:00 DEBUG 28380 --- [ehotel] [           main] DependencyInjectionTestExecutionListener : Performing dependency injection for test class com.example.e_hotel.EHotelApplicationTests
2025-03-31T21:36:49.787-04:00 DEBUG 28380 --- [ehotel] [           main] org.springframework.test.context.cache   : Spring test ApplicationContext cache statistics: [DefaultContextCache@4b1ad751 size = 1, maxSize = 32, parentContextCount = 0, hitCount = 1, missCount = 1, failureCount = 0]
2025-03-31T21:36:49.787-04:00 DEBUG 28380 --- [ehotel] [           main] org.springframework.test.context.cache   : Spring test ApplicationContext cache statistics: [DefaultContextCache@4b1ad751 size = 1, maxSize = 32, parentContextCount = 0, hitCount = 2, missCount = 1, failureCount = 0]
2025-03-31T21:36:49.791-04:00 DEBUG 28380 --- [ehotel] [           main] sContextBeforeModesTestExecutionListener : Before test method: class [EHotelApplicationTests], method [contextLoads], class annotated with @DirtiesContext [false] with mode [null], method annotated with @DirtiesContext [false] with mode [null]
2025-03-31T21:36:49.793-04:00 DEBUG 28380 --- [ehotel] [           main] org.springframework.test.context.cache   : Spring test ApplicationContext cache statistics: [DefaultContextCache@4b1ad751 size = 1, maxSize = 32, parentContextCount = 0, hitCount = 3, missCount = 1, failureCount = 0]
2025-03-31T21:36:49.794-04:00 DEBUG 28380 --- [ehotel] [           main] org.springframework.test.context.cache   : Spring test ApplicationContext cache statistics: [DefaultContextCache@4b1ad751 size = 1, maxSize = 32, parentContextCount = 0, hitCount = 4, missCount = 1, failureCount = 0]
2025-03-31T21:36:50.146-04:00 DEBUG 28380 --- [ehotel] [           main] org.springframework.test.context.cache   : Spring test ApplicationContext cache statistics: [DefaultContextCache@4b1ad751 size = 1, maxSize = 32, parentContextCount = 0, hitCount = 5, missCount = 1, failureCount = 0]
2025-03-31T21:36:50.149-04:00 DEBUG 28380 --- [ehotel] [           main] org.springframework.test.context.cache   : Spring test ApplicationContext cache statistics: [DefaultContextCache@4b1ad751 size = 1, maxSize = 32, parentContextCount = 0, hitCount = 6, missCount = 1, failureCount = 0]
2025-03-31T21:36:50.153-04:00 DEBUG 28380 --- [ehotel] [           main] org.springframework.test.context.cache   : Spring test ApplicationContext cache statistics: [DefaultContextCache@4b1ad751 size = 1, maxSize = 32, parentContextCount = 0, hitCount = 7, missCount = 1, failureCount = 0]
2025-03-31T21:36:50.153-04:00 DEBUG 28380 --- [ehotel] [           main] org.springframework.test.context.cache   : Spring test ApplicationContext cache statistics: [DefaultContextCache@4b1ad751 size = 1, maxSize = 32, parentContextCount = 0, hitCount = 8, missCount = 1, failureCount = 0]
2025-03-31T21:36:50.154-04:00 DEBUG 28380 --- [ehotel] [           main] org.springframework.test.context.cache   : Spring test ApplicationContext cache statistics: [DefaultContextCache@4b1ad751 size = 1, maxSize = 32, parentContextCount = 0, hitCount = 9, missCount = 1, failureCount = 0]
2025-03-31T21:36:50.154-04:00 DEBUG 28380 --- [ehotel] [           main] org.springframework.test.context.cache   : Spring test ApplicationContext cache statistics: [DefaultContextCache@4b1ad751 size = 1, maxSize = 32, parentContextCount = 0, hitCount = 10, missCount = 1, failureCount = 0]
2025-03-31T21:36:50.154-04:00 DEBUG 28380 --- [ehotel] [           main] org.springframework.test.context.cache   : Spring test ApplicationContext cache statistics: [DefaultContextCache@4b1ad751 size = 1, maxSize = 32, parentContextCount = 0, hitCount = 11, missCount = 1, failureCount = 0]
2025-03-31T21:36:50.155-04:00 DEBUG 28380 --- [ehotel] [           main] org.springframework.test.context.cache   : Spring test ApplicationContext cache statistics: [DefaultContextCache@4b1ad751 size = 1, maxSize = 32, parentContextCount = 0, hitCount = 12, missCount = 1, failureCount = 0]
2025-03-31T21:36:50.156-04:00 DEBUG 28380 --- [ehotel] [           main] org.springframework.test.context.cache   : Spring test ApplicationContext cache statistics: [DefaultContextCache@4b1ad751 size = 1, maxSize = 32, parentContextCount = 0, hitCount = 13, missCount = 1, failureCount = 0]
2025-03-31T21:36:50.156-04:00 DEBUG 28380 --- [ehotel] [           main] .c.s.DirtiesContextTestExecutionListener : After test method: class [EHotelApplicationTests], method [contextLoads], class annotated with @DirtiesContext [false] with mode [null], method annotated with @DirtiesContext [false] with mode [null]
2025-03-31T21:36:50.156-04:00 DEBUG 28380 --- [ehotel] [           main] o.s.t.c.w.ServletTestExecutionListener   : Resetting RequestContextHolder for test class com.example.e_hotel.EHotelApplicationTests
]]></system-out>
  </testcase>
</testsuite>